Current Time,Tablespace Name,Tablespace Type,Size,Used Space,Free Space,Used %
2016-02-11 12:52:58,BDNA_PUBLISH_TMP,TEMPORARY,1.03,1.02,1.02,99.33
2016-02-11 12:52:58,BDNA_TMP,TEMPORARY,5.01,5.01,5.01,99.88
2016-02-11 12:52:58,TEMP,TEMPORARY,.19,.19,.19,100
2016-02-11 12:53:44,BDNA,PERMANENT,26.27,18.24,8.03,69.43
2016-02-11 12:53:44,BDNA_PUBLISH,PERMANENT,12.89,11.23,1.66,87.14
2016-02-11 12:53:44,SYSAUX,PERMANENT,3.99,3.54,.45,88.62
2016-02-11 12:53:44,SYSTEM,PERMANENT,.91,.9,.01,98.95
2016-02-11 12:53:44,UNDOTBS1,UNDO,15.75,.08,15.67,.51
2016-02-11 12:53:44,USERS,PERMANENT,0,0,0,33.75
Current Time,Tablespace Name,Tablespace Type,Size,Used Space,Free Space,Used %
2016-02-11 19:08:02,BDNA_PUBLISH_TMP,TEMPORARY,9.95,.01,9.95,.08
2016-02-11 19:08:02,BDNA_TMP,TEMPORARY,1.95,0,1.95,.05
2016-02-11 19:08:02,TEMP,TEMPORARY,.19,.19,.19,100
2016-02-11 19:08:26,BDNA,PERMANENT,7.71,6.35,1.36,82.38
2016-02-11 19:08:26,BDNA_PUBLISH,PERMANENT,15.62,10.51,5.11,67.26
2016-02-11 19:08:26,SYSAUX,PERMANENT,5.47,4.06,1.41,74.2
2016-02-11 19:08:26,SYSTEM,PERMANENT,.95,.85,.1,89.68
2016-02-11 19:08:26,UNDOTBS1,UNDO,6.1,.18,5.91,3.03
2016-02-11 19:08:26,USERS,PERMANENT,0,0,0,33.75
Current Time,Tablespace Name,Tablespace Type,Size,Used Space,Free Space,Used %
2016-02-11 19:09:28,BDNA_PUBLISH_TMP,TEMPORARY,9.95,.01,9.95,.08
2016-02-11 19:09:28,BDNA_TMP,TEMPORARY,1.95,0,1.95,.2
2016-02-11 19:09:28,TEMP,TEMPORARY,.19,.19,.19,100
2016-02-11 19:10:02,BDNA,PERMANENT,7.71,6.35,1.36,82.39
2016-02-11 19:10:02,BDNA_PUBLISH,PERMANENT,15.62,10.51,5.11,67.26
2016-02-11 19:10:02,SYSAUX,PERMANENT,5.47,4.06,1.41,74.2
2016-02-11 19:10:02,SYSTEM,PERMANENT,.95,.85,.1,89.68
2016-02-11 19:10:02,UNDOTBS1,UNDO,6.1,.18,5.91,3.03
2016-02-11 19:10:02,USERS,PERMANENT,0,0,0,33.75
Current Time,Tablespace Name,Tablespace Type,Size,Used Space,Free Space,Used %
2016-02-11 19:11:05,BDNA_PUBLISH_TMP,TEMPORARY,9.95,.01,9.95,.08
2016-02-11 19:11:05,BDNA_TMP,TEMPORARY,1.95,.01,1.95,.4
2016-02-11 19:11:05,TEMP,TEMPORARY,.19,.19,.19,100
2016-02-11 19:12:12,BDNA,PERMANENT,7.71,6.83,.88,88.54
2016-02-11 19:12:12,BDNA_PUBLISH,PERMANENT,15.62,10.51,5.11,67.26
2016-02-11 19:12:12,SYSAUX,PERMANENT,5.47,4.06,1.41,74.2
2016-02-11 19:12:12,SYSTEM,PERMANENT,.95,.85,.1,89.68
2016-02-11 19:12:13,UNDOTBS1,UNDO,6.1,.19,5.91,3.11
2016-02-11 19:12:13,USERS,PERMANENT,0,0,0,33.75
Current Time,Tablespace Name,Tablespace Type,Size,Used Space,Free Space,Used %
2016-02-11 19:13:14,BDNA_PUBLISH_TMP,TEMPORARY,9.95,.01,9.95,.08
2016-02-11 19:13:14,BDNA_TMP,TEMPORARY,1.95,.01,1.94,.45
2016-02-11 19:13:14,TEMP,TEMPORARY,.19,.19,.19,100
2016-02-11 19:14:11,BDNA,PERMANENT,9.66,7.72,1.94,79.88
2016-02-11 19:14:11,BDNA_PUBLISH,PERMANENT,15.62,10.51,5.11,67.26
2016-02-11 19:14:11,SYSAUX,PERMANENT,5.47,4.06,1.41,74.3
2016-02-11 19:14:11,SYSTEM,PERMANENT,.95,.85,.1,89.68
2016-02-11 19:14:11,UNDOTBS1,UNDO,6.1,.19,5.91,3.11
2016-02-11 19:14:11,USERS,PERMANENT,0,0,0,33.75
Current Time,Tablespace Name,Tablespace Type,Size,Used Space,Free Space,Used %
2016-02-11 19:15:12,BDNA_PUBLISH_TMP,TEMPORARY,9.95,.01,9.95,.08
2016-02-11 19:15:12,BDNA_TMP,TEMPORARY,1.95,.01,1.94,.45
2016-02-11 19:15:12,TEMP,TEMPORARY,.19,.19,.19,100
2016-02-11 19:16:07,BDNA,PERMANENT,9.66,8.56,1.1,88.61
2016-02-11 19:16:07,BDNA_PUBLISH,PERMANENT,15.62,10.51,5.11,67.26
2016-02-11 19:16:07,SYSAUX,PERMANENT,5.47,4.06,1.41,74.3
2016-02-11 19:16:07,SYSTEM,PERMANENT,.95,.85,.1,89.68
2016-02-11 19:16:07,UNDOTBS1,UNDO,6.1,.19,5.91,3.11
2016-02-11 19:16:07,USERS,PERMANENT,0,0,0,33.75
Current Time,Tablespace Name,Tablespace Type,Size,Used Space,Free Space,Used %
2016-02-11 19:17:08,BDNA_PUBLISH_TMP,TEMPORARY,9.95,.01,9.95,.08
2016-02-11 19:17:08,BDNA_TMP,TEMPORARY,1.95,.01,1.95,.45
2016-02-11 19:17:08,TEMP,TEMPORARY,.19,.19,.19,100
2016-02-11 19:17:57,BDNA,PERMANENT,9.66,9.31,.35,96.37
2016-02-11 19:17:57,BDNA_PUBLISH,PERMANENT,15.62,10.51,5.11,67.26
2016-02-11 19:17:57,SYSAUX,PERMANENT,5.47,4.06,1.41,74.3
2016-02-11 19:17:57,SYSTEM,PERMANENT,.95,.85,.1,89.68
2016-02-11 19:17:57,UNDOTBS1,UNDO,6.1,.19,5.91,3.11
2016-02-11 19:17:57,USERS,PERMANENT,0,0,0,33.75
Current Time,Tablespace Name,Tablespace Type,Size,Used Space,Free Space,Used %
2016-02-11 19:18:58,BDNA_PUBLISH_TMP,TEMPORARY,9.95,.01,9.95,.08
2016-02-11 19:18:58,BDNA_TMP,TEMPORARY,1.95,.01,1.95,.45
2016-02-11 19:18:58,TEMP,TEMPORARY,.19,.19,.19,100
2016-02-11 19:19:53,BDNA,PERMANENT,11.62,10.06,1.55,86.62
2016-02-11 19:19:53,BDNA_PUBLISH,PERMANENT,15.62,10.51,5.11,67.26
2016-02-11 19:19:53,SYSAUX,PERMANENT,5.47,4.06,1.41,74.3
2016-02-11 19:19:53,SYSTEM,PERMANENT,.95,.85,.1,89.68
2016-02-11 19:19:53,UNDOTBS1,UNDO,6.1,.19,5.91,3.11
2016-02-11 19:19:53,USERS,PERMANENT,0,0,0,33.75
Current Time,Tablespace Name,Tablespace Type,Size,Used Space,Free Space,Used %
2016-02-11 19:20:56,BDNA_PUBLISH_TMP,TEMPORARY,9.95,.01,9.95,.08
2016-02-11 19:20:56,BDNA_TMP,TEMPORARY,1.95,.01,1.95,.45
2016-02-11 19:20:56,TEMP,TEMPORARY,.19,.19,.19,100
2016-02-11 19:21:25,BDNA,PERMANENT,11.62,10.86,.76,93.48
2016-02-11 19:21:25,BDNA_PUBLISH,PERMANENT,15.62,10.51,5.11,67.26
2016-02-11 19:21:25,SYSAUX,PERMANENT,5.47,4.06,1.41,74.3
2016-02-11 19:21:25,SYSTEM,PERMANENT,.95,.85,.1,89.68
2016-02-11 19:21:25,UNDOTBS1,UNDO,6.1,.19,5.91,3.11
2016-02-11 19:21:25,USERS,PERMANENT,0,0,0,33.75
Current Time,Tablespace Name,Tablespace Type,Size,Used Space,Free Space,Used %
2016-02-11 19:22:27,BDNA_PUBLISH_TMP,TEMPORARY,9.95,.01,9.95,.08
2016-02-11 19:22:27,BDNA_TMP,TEMPORARY,1.95,.01,1.95,.45
2016-02-11 19:22:27,TEMP,TEMPORARY,.19,.19,.19,100
2016-02-11 19:22:58,BDNA,PERMANENT,11.62,11.42,.19,98.32
2016-02-11 19:22:58,BDNA_PUBLISH,PERMANENT,15.62,10.51,5.11,67.26
2016-02-11 19:22:58,SYSAUX,PERMANENT,5.47,4.06,1.41,74.3
2016-02-11 19:22:58,SYSTEM,PERMANENT,.95,.85,.1,89.68
2016-02-11 19:22:58,UNDOTBS1,UNDO,6.1,.19,5.91,3.11
2016-02-11 19:22:58,USERS,PERMANENT,0,0,0,33.75
Current Time,Tablespace Name,Tablespace Type,Size,Used Space,Free Space,Used %
2016-02-11 19:23:59,BDNA_PUBLISH_TMP,TEMPORARY,9.95,.01,9.95,.08
2016-02-11 19:23:59,BDNA_TMP,TEMPORARY,1.95,.01,1.95,.45
2016-02-11 19:23:59,TEMP,TEMPORARY,.19,.19,.19,100
2016-02-11 19:24:31,BDNA,PERMANENT,13.57,11.92,1.65,87.86
2016-02-11 19:24:31,BDNA_PUBLISH,PERMANENT,15.62,10.51,5.11,67.26
2016-02-11 19:24:31,SYSAUX,PERMANENT,5.47,4.06,1.4,74.32
2016-02-11 19:24:31,SYSTEM,PERMANENT,.95,.85,.1,89.68
2016-02-11 19:24:31,UNDOTBS1,UNDO,6.1,.19,5.91,3.11
2016-02-11 19:24:31,USERS,PERMANENT,0,0,0,33.75
Current Time,Tablespace Name,Tablespace Type,Size,Used Space,Free Space,Used %
2016-02-11 19:25:31,BDNA_PUBLISH_TMP,TEMPORARY,9.95,.01,9.95,.08
2016-02-11 19:25:31,BDNA_TMP,TEMPORARY,1.95,.01,1.95,.45
2016-02-11 19:25:31,TEMP,TEMPORARY,.19,.19,.19,100
2016-02-11 19:26:02,BDNA,PERMANENT,13.57,12.49,1.09,92
2016-02-11 19:26:02,BDNA_PUBLISH,PERMANENT,15.62,10.51,5.11,67.26
2016-02-11 19:26:02,SYSAUX,PERMANENT,5.47,4.06,1.4,74.32
2016-02-11 19:26:02,SYSTEM,PERMANENT,.95,.85,.1,89.68
2016-02-11 19:26:02,UNDOTBS1,UNDO,6.1,.19,5.91,3.11
2016-02-11 19:26:02,USERS,PERMANENT,0,0,0,33.75
Current Time,Tablespace Name,Tablespace Type,Size,Used Space,Free Space,Used %
2016-02-11 19:27:03,BDNA_PUBLISH_TMP,TEMPORARY,9.95,.01,9.95,.08
2016-02-11 19:27:03,BDNA_TMP,TEMPORARY,1.95,.01,1.95,.45
2016-02-11 19:27:03,TEMP,TEMPORARY,.19,.19,.19,100
2016-02-11 19:27:34,BDNA,PERMANENT,13.57,12.99,.59,95.69
2016-02-11 19:27:34,BDNA_PUBLISH,PERMANENT,15.62,10.51,5.11,67.26
2016-02-11 19:27:34,SYSAUX,PERMANENT,5.47,4.06,1.4,74.32
2016-02-11 19:27:34,SYSTEM,PERMANENT,.95,.85,.1,89.68
2016-02-11 19:27:34,UNDOTBS1,UNDO,6.1,.19,5.91,3.11
2016-02-11 19:27:34,USERS,PERMANENT,0,0,0,33.75
Current Time,Tablespace Name,Tablespace Type,Size,Used Space,Free Space,Used %
2016-02-11 19:28:35,BDNA_PUBLISH_TMP,TEMPORARY,9.95,.01,9.95,.08
2016-02-11 19:28:35,BDNA_TMP,TEMPORARY,1.95,.01,1.95,.45
2016-02-11 19:28:35,TEMP,TEMPORARY,.19,.19,.19,100
2016-02-11 19:29:09,BDNA,PERMANENT,13.57,13.55,.02,99.83
2016-02-11 19:29:09,BDNA_PUBLISH,PERMANENT,15.62,10.51,5.11,67.26
2016-02-11 19:29:09,SYSAUX,PERMANENT,5.47,4.06,1.4,74.32
2016-02-11 19:29:09,SYSTEM,PERMANENT,.95,.85,.1,89.68
2016-02-11 19:29:09,UNDOTBS1,UNDO,6.1,.19,5.91,3.11
2016-02-11 19:29:09,USERS,PERMANENT,0,0,0,33.75
Current Time,Tablespace Name,Tablespace Type,Size,Used Space,Free Space,Used %
2016-02-11 19:30:10,BDNA_PUBLISH_TMP,TEMPORARY,9.95,.01,9.95,.08
2016-02-11 19:30:10,BDNA_TMP,TEMPORARY,1.95,.01,1.95,.45
2016-02-11 19:30:10,TEMP,TEMPORARY,.19,.19,.19,100
2016-02-11 19:30:40,BDNA,PERMANENT,15.52,14.11,1.41,90.9
2016-02-11 19:30:40,BDNA_PUBLISH,PERMANENT,15.62,10.51,5.11,67.26
2016-02-11 19:30:40,SYSAUX,PERMANENT,5.47,4.06,1.4,74.32
2016-02-11 19:30:40,SYSTEM,PERMANENT,.95,.85,.1,89.68
2016-02-11 19:30:40,UNDOTBS1,UNDO,6.1,.19,5.91,3.11
2016-02-11 19:30:40,USERS,PERMANENT,0,0,0,33.75
Current Time,Tablespace Name,Tablespace Type,Size,Used Space,Free Space,Used %
2016-02-11 19:31:41,BDNA_PUBLISH_TMP,TEMPORARY,9.95,.01,9.95,.08
2016-02-11 19:31:41,BDNA_TMP,TEMPORARY,1.95,.01,1.95,.45
2016-02-11 19:31:41,TEMP,TEMPORARY,.19,.19,.19,100
2016-02-11 19:32:18,BDNA,PERMANENT,15.52,14.61,.91,94.12
2016-02-11 19:32:18,BDNA_PUBLISH,PERMANENT,15.62,10.51,5.11,67.26
2016-02-11 19:32:18,SYSAUX,PERMANENT,5.47,4.06,1.4,74.32
2016-02-11 19:32:18,SYSTEM,PERMANENT,.95,.85,.1,89.68
2016-02-11 19:32:18,UNDOTBS1,UNDO,6.1,.19,5.91,3.11
2016-02-11 19:32:18,USERS,PERMANENT,0,0,0,33.75
Current Time,Tablespace Name,Tablespace Type,Size,Used Space,Free Space,Used %
2016-02-11 19:33:20,BDNA_PUBLISH_TMP,TEMPORARY,9.95,.01,9.95,.08
2016-02-11 19:33:20,BDNA_TMP,TEMPORARY,1.95,.01,1.95,.45
2016-02-11 19:33:20,TEMP,TEMPORARY,.19,.19,.19,100
2016-02-11 19:33:52,BDNA,PERMANENT,15.52,15.17,.35,97.74
2016-02-11 19:33:52,BDNA_PUBLISH,PERMANENT,15.62,10.51,5.11,67.26
2016-02-11 19:33:52,SYSAUX,PERMANENT,5.47,4.06,1.4,74.32
2016-02-11 19:33:52,SYSTEM,PERMANENT,.95,.85,.1,89.68
2016-02-11 19:33:52,UNDOTBS1,UNDO,6.1,.19,5.91,3.11
2016-02-11 19:33:52,USERS,PERMANENT,0,0,0,33.75
Current Time,Tablespace Name,Tablespace Type,Size,Used Space,Free Space,Used %
2016-02-11 19:34:52,BDNA_PUBLISH_TMP,TEMPORARY,9.95,.01,9.95,.08
2016-02-11 19:34:52,BDNA_TMP,TEMPORARY,1.95,.01,1.95,.45
2016-02-11 19:34:52,TEMP,TEMPORARY,.19,.19,.19,100
2016-02-11 19:35:25,BDNA,PERMANENT,17.48,15.67,1.8,89.68
2016-02-11 19:35:25,BDNA_PUBLISH,PERMANENT,15.62,10.51,5.11,67.26
2016-02-11 19:35:25,SYSAUX,PERMANENT,5.47,4.06,1.4,74.32
2016-02-11 19:35:25,SYSTEM,PERMANENT,.95,.85,.1,89.68
2016-02-11 19:35:25,UNDOTBS1,UNDO,6.1,.19,5.91,3.11
2016-02-11 19:35:25,USERS,PERMANENT,0,0,0,33.75
Current Time,Tablespace Name,Tablespace Type,Size,Used Space,Free Space,Used %
2016-02-11 19:36:25,BDNA_PUBLISH_TMP,TEMPORARY,9.95,.01,9.95,.08
2016-02-11 19:36:25,BDNA_TMP,TEMPORARY,1.95,.01,1.95,.45
2016-02-11 19:36:25,TEMP,TEMPORARY,.19,.19,.19,100
2016-02-11 19:36:57,BDNA,PERMANENT,17.48,16.24,1.24,92.9
2016-02-11 19:36:57,BDNA_PUBLISH,PERMANENT,15.62,10.51,5.11,67.26
2016-02-11 19:36:57,SYSAUX,PERMANENT,5.47,4.06,1.4,74.32
2016-02-11 19:36:57,SYSTEM,PERMANENT,.95,.85,.1,89.68
2016-02-11 19:36:57,UNDOTBS1,UNDO,6.1,.19,5.91,3.11
2016-02-11 19:36:57,USERS,PERMANENT,0,0,0,33.75
Current Time,Tablespace Name,Tablespace Type,Size,Used Space,Free Space,Used %
2016-02-11 19:37:59,BDNA_PUBLISH_TMP,TEMPORARY,9.95,.01,9.95,.08
2016-02-11 19:37:59,BDNA_TMP,TEMPORARY,1.95,.01,1.95,.45
2016-02-11 19:37:59,TEMP,TEMPORARY,.19,.19,.19,100
2016-02-11 19:38:29,BDNA,PERMANENT,17.48,16.8,.68,96.11
2016-02-11 19:38:29,BDNA_PUBLISH,PERMANENT,15.62,10.51,5.11,67.26
2016-02-11 19:38:29,SYSAUX,PERMANENT,5.47,4.06,1.4,74.33
2016-02-11 19:38:29,SYSTEM,PERMANENT,.95,.85,.1,89.68
2016-02-11 19:38:29,UNDOTBS1,UNDO,6.1,.19,5.91,3.11
2016-02-11 19:38:29,USERS,PERMANENT,0,0,0,33.75
Current Time,Tablespace Name,Tablespace Type,Size,Used Space,Free Space,Used %
2016-02-11 19:39:31,BDNA_PUBLISH_TMP,TEMPORARY,9.95,.01,9.95,.08
2016-02-11 19:39:31,BDNA_TMP,TEMPORARY,1.95,.01,1.95,.45
2016-02-11 19:39:31,TEMP,TEMPORARY,.19,.19,.19,100
2016-02-11 19:40:06,BDNA,PERMANENT,17.48,17.36,.12,99.33
2016-02-11 19:40:06,BDNA_PUBLISH,PERMANENT,15.62,10.51,5.11,67.26
2016-02-11 19:40:06,SYSAUX,PERMANENT,5.47,4.06,1.4,74.33
2016-02-11 19:40:06,SYSTEM,PERMANENT,.95,.85,.1,89.68
2016-02-11 19:40:06,UNDOTBS1,UNDO,6.1,.19,5.91,3.11
2016-02-11 19:40:06,USERS,PERMANENT,0,0,0,33.75
Current Time,Tablespace Name,Tablespace Type,Size,Used Space,Free Space,Used %
2016-02-11 19:41:07,BDNA_PUBLISH_TMP,TEMPORARY,9.95,.01,9.95,.08
2016-02-11 19:41:07,BDNA_TMP,TEMPORARY,1.95,.01,1.95,.45
2016-02-11 19:41:07,TEMP,TEMPORARY,.19,.19,.19,100
2016-02-11 19:41:39,BDNA,PERMANENT,19.43,17.92,1.51,92.24
2016-02-11 19:41:39,BDNA_PUBLISH,PERMANENT,15.62,10.51,5.11,67.26
2016-02-11 19:41:39,SYSAUX,PERMANENT,5.47,4.06,1.4,74.33
2016-02-11 19:41:39,SYSTEM,PERMANENT,.95,.85,.1,89.68
2016-02-11 19:41:39,UNDOTBS1,UNDO,6.1,.19,5.91,3.11
2016-02-11 19:41:39,USERS,PERMANENT,0,0,0,33.75
Current Time,Tablespace Name,Tablespace Type,Size,Used Space,Free Space,Used %
2016-02-11 19:42:40,BDNA_PUBLISH_TMP,TEMPORARY,9.95,.01,9.95,.08
2016-02-11 19:42:40,BDNA_TMP,TEMPORARY,1.95,.01,1.95,.45
2016-02-11 19:42:40,TEMP,TEMPORARY,.19,.19,.19,100
2016-02-11 19:43:12,BDNA,PERMANENT,19.43,18.42,1.01,94.82
2016-02-11 19:43:12,BDNA_PUBLISH,PERMANENT,15.62,10.51,5.11,67.26
2016-02-11 19:43:12,SYSAUX,PERMANENT,5.47,4.06,1.4,74.33
2016-02-11 19:43:12,SYSTEM,PERMANENT,.95,.85,.1,89.68
2016-02-11 19:43:12,UNDOTBS1,UNDO,6.1,.19,5.91,3.11
2016-02-11 19:43:12,USERS,PERMANENT,0,0,0,33.75
Current Time,Tablespace Name,Tablespace Type,Size,Used Space,Free Space,Used %
2016-02-11 19:44:13,BDNA_PUBLISH_TMP,TEMPORARY,9.95,.01,9.95,.08
2016-02-11 19:44:13,BDNA_TMP,TEMPORARY,1.95,.01,1.95,.45
2016-02-11 19:44:13,TEMP,TEMPORARY,.19,.19,.19,100
2016-02-11 19:44:46,BDNA,PERMANENT,19.43,18.94,.49,97.5
2016-02-11 19:44:46,BDNA_PUBLISH,PERMANENT,15.62,10.51,5.11,67.26
2016-02-11 19:44:46,SYSAUX,PERMANENT,5.47,4.06,1.4,74.33
2016-02-11 19:44:46,SYSTEM,PERMANENT,.95,.85,.1,89.68
2016-02-11 19:44:46,UNDOTBS1,UNDO,6.1,.19,5.91,3.11
2016-02-11 19:44:46,USERS,PERMANENT,0,0,0,33.75
Current Time,Tablespace Name,Tablespace Type,Size,Used Space,Free Space,Used %
2016-02-11 19:45:46,BDNA_PUBLISH_TMP,TEMPORARY,9.95,.01,9.95,.08
2016-02-11 19:45:46,BDNA_TMP,TEMPORARY,1.95,.01,1.95,.45
2016-02-11 19:45:46,TEMP,TEMPORARY,.19,.19,.19,100
2016-02-11 19:46:20,BDNA,PERMANENT,19.43,19.13,.3,98.44
2016-02-11 19:46:20,BDNA_PUBLISH,PERMANENT,15.62,10.51,5.11,67.26
2016-02-11 19:46:20,SYSAUX,PERMANENT,5.47,4.06,1.4,74.33
2016-02-11 19:46:20,SYSTEM,PERMANENT,.95,.85,.1,89.68
2016-02-11 19:46:20,UNDOTBS1,UNDO,6.1,.19,5.91,3.13
2016-02-11 19:46:20,USERS,PERMANENT,0,0,0,33.75
Current Time,Tablespace Name,Tablespace Type,Size,Used Space,Free Space,Used %
2016-02-11 19:47:20,BDNA_PUBLISH_TMP,TEMPORARY,9.95,.01,9.95,.08
2016-02-11 19:47:20,BDNA_TMP,TEMPORARY,1.95,.01,1.95,.45
2016-02-11 19:47:20,TEMP,TEMPORARY,.19,.19,.19,100
2016-02-11 19:47:55,BDNA,PERMANENT,21.38,19.31,2.07,90.33
2016-02-11 19:47:55,BDNA_PUBLISH,PERMANENT,15.62,10.51,5.11,67.26
2016-02-11 19:47:55,SYSAUX,PERMANENT,5.47,4.06,1.4,74.33
2016-02-11 19:47:55,SYSTEM,PERMANENT,.95,.85,.1,89.68
2016-02-11 19:47:55,UNDOTBS1,UNDO,6.1,.19,5.91,3.13
2016-02-11 19:47:55,USERS,PERMANENT,0,0,0,33.75
Current Time,Tablespace Name,Tablespace Type,Size,Used Space,Free Space,Used %
2016-02-11 19:48:54,BDNA_PUBLISH_TMP,TEMPORARY,9.95,.01,9.95,.08
2016-02-11 19:48:54,BDNA_TMP,TEMPORARY,1.95,.01,1.95,.45
2016-02-11 19:48:54,TEMP,TEMPORARY,.19,.19,.19,100
2016-02-11 19:49:25,BDNA,PERMANENT,21.38,19.51,1.87,91.24
2016-02-11 19:49:25,BDNA_PUBLISH,PERMANENT,15.62,10.51,5.11,67.26
2016-02-11 19:49:25,SYSAUX,PERMANENT,5.47,4.06,1.4,74.33
2016-02-11 19:49:25,SYSTEM,PERMANENT,.95,.85,.1,89.68
2016-02-11 19:49:25,UNDOTBS1,UNDO,6.1,.19,5.91,3.14
2016-02-11 19:49:25,USERS,PERMANENT,0,0,0,33.75
Current Time,Tablespace Name,Tablespace Type,Size,Used Space,Free Space,Used %
2016-02-11 19:50:26,BDNA_PUBLISH_TMP,TEMPORARY,9.95,.01,9.95,.08
2016-02-11 19:50:26,BDNA_TMP,TEMPORARY,1.95,.01,1.95,.45
2016-02-11 19:50:26,TEMP,TEMPORARY,.19,.19,.19,100
2016-02-11 19:50:57,BDNA,PERMANENT,21.38,19.7,1.68,92.12
2016-02-11 19:50:58,BDNA_PUBLISH,PERMANENT,15.62,10.51,5.11,67.26
2016-02-11 19:50:58,SYSAUX,PERMANENT,5.47,4.06,1.4,74.33
2016-02-11 19:50:58,SYSTEM,PERMANENT,.95,.85,.1,89.68
2016-02-11 19:50:58,UNDOTBS1,UNDO,6.1,.19,5.91,3.14
2016-02-11 19:50:58,USERS,PERMANENT,0,0,0,33.75
Current Time,Tablespace Name,Tablespace Type,Size,Used Space,Free Space,Used %
2016-02-11 19:51:57,BDNA_PUBLISH_TMP,TEMPORARY,9.95,.01,9.95,.08
2016-02-11 19:51:57,BDNA_TMP,TEMPORARY,1.95,.01,1.95,.45
2016-02-11 19:51:57,TEMP,TEMPORARY,.19,.19,.19,100
2016-02-11 19:52:28,BDNA,PERMANENT,21.38,19.89,1.5,93
2016-02-11 19:52:28,BDNA_PUBLISH,PERMANENT,15.62,10.51,5.11,67.26
2016-02-11 19:52:28,SYSAUX,PERMANENT,5.47,4.06,1.4,74.33
2016-02-11 19:52:28,SYSTEM,PERMANENT,.95,.85,.1,89.68
2016-02-11 19:52:28,UNDOTBS1,UNDO,6.1,.19,5.91,3.14
2016-02-11 19:52:28,USERS,PERMANENT,0,0,0,33.75
Current Time,Tablespace Name,Tablespace Type,Size,Used Space,Free Space,Used %
2016-02-11 19:53:28,BDNA_PUBLISH_TMP,TEMPORARY,9.95,.01,9.95,.08
2016-02-11 19:53:28,BDNA_TMP,TEMPORARY,1.95,.01,1.95,.45
2016-02-11 19:53:28,TEMP,TEMPORARY,.19,.19,.19,100
2016-02-11 19:53:59,BDNA,PERMANENT,21.38,20.11,1.27,94.06
2016-02-11 19:54:00,BDNA_PUBLISH,PERMANENT,15.62,10.51,5.11,67.26
2016-02-11 19:54:00,SYSAUX,PERMANENT,5.47,4.06,1.4,74.33
2016-02-11 19:54:00,SYSTEM,PERMANENT,.95,.85,.1,89.68
2016-02-11 19:54:00,UNDOTBS1,UNDO,6.1,.19,5.91,3.14
2016-02-11 19:54:00,USERS,PERMANENT,0,0,0,33.75
Current Time,Tablespace Name,Tablespace Type,Size,Used Space,Free Space,Used %
2016-02-11 19:55:00,BDNA_PUBLISH_TMP,TEMPORARY,9.95,.01,9.95,.08
2016-02-11 19:55:00,BDNA_TMP,TEMPORARY,1.95,.68,1.27,35
2016-02-11 19:55:00,TEMP,TEMPORARY,.19,.19,.19,100
2016-02-11 19:55:46,BDNA,PERMANENT,21.38,20.24,1.14,94.65
2016-02-11 19:55:46,BDNA_PUBLISH,PERMANENT,15.62,10.51,5.11,67.26
2016-02-11 19:55:46,SYSAUX,PERMANENT,5.47,4.06,1.4,74.33
2016-02-11 19:55:46,SYSTEM,PERMANENT,.95,.85,.1,89.68
2016-02-11 19:55:46,UNDOTBS1,UNDO,6.1,.19,5.91,3.14
2016-02-11 19:55:46,USERS,PERMANENT,0,0,0,33.75
Current Time,Tablespace Name,Tablespace Type,Size,Used Space,Free Space,Used %
2016-02-11 19:56:46,BDNA_PUBLISH_TMP,TEMPORARY,9.95,.01,9.95,.08
2016-02-11 19:56:46,BDNA_TMP,TEMPORARY,1.95,1.42,.54,72.5
2016-02-11 19:56:46,TEMP,TEMPORARY,.19,.19,.19,100
2016-02-11 19:57:23,BDNA,PERMANENT,23.34,22.15,1.18,94.92
2016-02-11 19:57:23,BDNA_PUBLISH,PERMANENT,15.62,10.51,5.11,67.26
2016-02-11 19:57:23,SYSAUX,PERMANENT,5.47,4.07,1.4,74.34
2016-02-11 19:57:23,SYSTEM,PERMANENT,.95,.85,.1,89.68
2016-02-11 19:57:23,UNDOTBS1,UNDO,6.1,.15,5.95,2.39
2016-02-11 19:57:23,USERS,PERMANENT,0,0,0,33.75
Current Time,Tablespace Name,Tablespace Type,Size,Used Space,Free Space,Used %
2016-02-11 19:58:23,BDNA_PUBLISH_TMP,TEMPORARY,9.95,.01,9.95,.08
2016-02-11 19:58:23,BDNA_TMP,TEMPORARY,1.95,1.63,.32,83.65
2016-02-11 19:58:23,TEMP,TEMPORARY,.19,.19,.19,100
2016-02-11 19:59:03,BDNA,PERMANENT,23.34,22.03,1.31,94.39
2016-02-11 19:59:03,BDNA_PUBLISH,PERMANENT,15.62,10.51,5.11,67.26
2016-02-11 19:59:03,SYSAUX,PERMANENT,5.47,4.07,1.4,74.34
2016-02-11 19:59:03,SYSTEM,PERMANENT,.95,.85,.1,89.68
2016-02-11 19:59:03,UNDOTBS1,UNDO,6.1,.15,5.95,2.41
2016-02-11 19:59:03,USERS,PERMANENT,0,0,0,33.75
Current Time,Tablespace Name,Tablespace Type,Size,Used Space,Free Space,Used %
2016-02-11 20:00:03,BDNA_PUBLISH_TMP,TEMPORARY,9.95,.01,9.95,.08
2016-02-11 20:00:03,BDNA_TMP,TEMPORARY,1.95,1.63,1.95,83.65
2016-02-11 20:00:03,TEMP,TEMPORARY,.19,.19,.19,100
2016-02-11 20:00:37,BDNA,PERMANENT,23.34,23.33,.01,99.96
2016-02-11 20:00:37,BDNA_PUBLISH,PERMANENT,15.62,10.51,5.11,67.26
2016-02-11 20:00:37,SYSAUX,PERMANENT,5.47,4.07,1.4,74.34
2016-02-11 20:00:37,SYSTEM,PERMANENT,.95,.85,.1,89.68
2016-02-11 20:00:37,UNDOTBS1,UNDO,6.1,.15,5.95,2.42
2016-02-11 20:00:37,USERS,PERMANENT,0,0,0,33.75
Current Time,Tablespace Name,Tablespace Type,Size,Used Space,Free Space,Used %
2016-02-11 20:01:37,BDNA_PUBLISH_TMP,TEMPORARY,9.95,.01,9.95,.08
2016-02-11 20:01:37,BDNA_TMP,TEMPORARY,3.5,3.5,0,100
2016-02-11 20:01:37,TEMP,TEMPORARY,.19,.19,.19,100
2016-02-11 20:02:38,BDNA,PERMANENT,25.29,23.9,1.39,94.5
2016-02-11 20:02:38,BDNA_PUBLISH,PERMANENT,15.62,10.51,5.11,67.26
2016-02-11 20:02:38,SYSAUX,PERMANENT,5.47,4.07,1.4,74.35
2016-02-11 20:02:38,SYSTEM,PERMANENT,.95,.85,.1,89.68
2016-02-11 20:02:38,UNDOTBS1,UNDO,6.1,.15,5.95,2.42
2016-02-11 20:02:38,USERS,PERMANENT,0,0,0,33.75
Current Time,Tablespace Name,Tablespace Type,Size,Used Space,Free Space,Used %
2016-02-11 20:03:37,BDNA_PUBLISH_TMP,TEMPORARY,9.95,.01,9.95,.08
2016-02-11 20:03:37,BDNA_TMP,TEMPORARY,8.37,8.37,0,100
2016-02-11 20:03:37,TEMP,TEMPORARY,.19,.19,.19,100
2016-02-11 20:04:10,BDNA,PERMANENT,29.2,27.42,1.77,93.92
2016-02-11 20:04:10,BDNA_PUBLISH,PERMANENT,15.62,10.51,5.11,67.26
2016-02-11 20:04:10,SYSAUX,PERMANENT,5.47,4.07,1.4,74.35
2016-02-11 20:04:10,SYSTEM,PERMANENT,.95,.85,.1,89.68
2016-02-11 20:04:10,UNDOTBS1,UNDO,6.1,.15,5.95,2.44
2016-02-11 20:04:10,USERS,PERMANENT,0,0,0,33.75
Current Time,Tablespace Name,Tablespace Type,Size,Used Space,Free Space,Used %
2016-02-11 20:05:10,BDNA_PUBLISH_TMP,TEMPORARY,9.95,.01,9.95,.08
2016-02-11 20:05:10,BDNA_TMP,TEMPORARY,8.37,8.37,0,100
2016-02-11 20:05:10,TEMP,TEMPORARY,.19,.19,.19,100
2016-02-11 20:05:43,BDNA,PERMANENT,31.15,29.42,1.73,94.45
2016-02-11 20:05:43,BDNA_PUBLISH,PERMANENT,15.62,10.51,5.11,67.26
2016-02-11 20:05:43,SYSAUX,PERMANENT,5.47,4.07,1.4,74.35
2016-02-11 20:05:43,SYSTEM,PERMANENT,.95,.85,.1,89.68
2016-02-11 20:05:43,UNDOTBS1,UNDO,6.1,.15,5.95,2.44
2016-02-11 20:05:43,USERS,PERMANENT,0,0,0,33.75
Current Time,Tablespace Name,Tablespace Type,Size,Used Space,Free Space,Used %
2016-02-11 20:06:43,BDNA_PUBLISH_TMP,TEMPORARY,9.95,.01,9.95,.08
2016-02-11 20:06:43,BDNA_TMP,TEMPORARY,8.37,8.37,0,100
2016-02-11 20:06:43,TEMP,TEMPORARY,.19,.19,.19,100
2016-02-11 20:07:15,BDNA,PERMANENT,33.1,31.42,1.68,94.92
2016-02-11 20:07:15,BDNA_PUBLISH,PERMANENT,15.62,10.51,5.11,67.26
2016-02-11 20:07:15,SYSAUX,PERMANENT,5.47,4.07,1.4,74.35
2016-02-11 20:07:15,SYSTEM,PERMANENT,.95,.85,.1,89.68
2016-02-11 20:07:15,UNDOTBS1,UNDO,6.1,.15,5.95,2.44
2016-02-11 20:07:15,USERS,PERMANENT,0,0,0,33.75
Current Time,Tablespace Name,Tablespace Type,Size,Used Space,Free Space,Used %
2016-02-11 20:08:15,BDNA_PUBLISH_TMP,TEMPORARY,9.95,.01,9.95,.08
2016-02-11 20:08:15,BDNA_TMP,TEMPORARY,8.37,8.37,0,100
2016-02-11 20:08:15,TEMP,TEMPORARY,.19,.19,.19,100
2016-02-11 20:08:47,BDNA,PERMANENT,35.05,33.36,1.7,95.16
2016-02-11 20:08:47,BDNA_PUBLISH,PERMANENT,15.62,10.51,5.11,67.26
2016-02-11 20:08:47,SYSAUX,PERMANENT,5.47,4.07,1.4,74.35
2016-02-11 20:08:47,SYSTEM,PERMANENT,.95,.85,.1,89.68
2016-02-11 20:08:47,UNDOTBS1,UNDO,6.1,.15,5.95,2.44
2016-02-11 20:08:47,USERS,PERMANENT,0,0,0,33.75
Current Time,Tablespace Name,Tablespace Type,Size,Used Space,Free Space,Used %
2016-02-11 20:09:47,BDNA_PUBLISH_TMP,TEMPORARY,9.95,.01,9.95,.08
2016-02-11 20:09:47,BDNA_TMP,TEMPORARY,8.37,8.37,8.18,100
2016-02-11 20:09:47,TEMP,TEMPORARY,.19,.19,.19,100
2016-02-11 20:10:15,BDNA,PERMANENT,35.05,22.86,12.2,65.2
2016-02-11 20:10:15,BDNA_PUBLISH,PERMANENT,15.62,10.51,5.11,67.26
2016-02-11 20:10:15,SYSAUX,PERMANENT,5.47,4.07,1.4,74.35
2016-02-11 20:10:15,SYSTEM,PERMANENT,.95,.85,.1,89.68
2016-02-11 20:10:15,UNDOTBS1,UNDO,6.1,.15,5.95,2.44
2016-02-11 20:10:15,USERS,PERMANENT,0,0,0,33.75
Current Time,Tablespace Name,Tablespace Type,Size,Used Space,Free Space,Used %
2016-02-11 20:11:15,BDNA_PUBLISH_TMP,TEMPORARY,9.95,.01,9.95,.08
2016-02-11 20:11:15,BDNA_TMP,TEMPORARY,8.37,8.37,8.37,100
2016-02-11 20:11:15,TEMP,TEMPORARY,.19,.19,.19,100
2016-02-11 20:12:36,BDNA,PERMANENT,35.05,23.46,11.59,66.94
2016-02-11 20:12:36,BDNA_PUBLISH,PERMANENT,15.62,10.51,5.11,67.26
2016-02-11 20:12:36,SYSAUX,PERMANENT,5.47,4.07,1.4,74.35
2016-02-11 20:12:36,SYSTEM,PERMANENT,.95,.85,.1,89.68
2016-02-11 20:12:36,UNDOTBS1,UNDO,6.1,.15,5.95,2.44
2016-02-11 20:12:36,USERS,PERMANENT,0,0,0,33.75
Current Time,Tablespace Name,Tablespace Type,Size,Used Space,Free Space,Used %
2016-02-11 20:13:36,BDNA_PUBLISH_TMP,TEMPORARY,9.95,.01,9.95,.08
2016-02-11 20:13:36,BDNA_TMP,TEMPORARY,8.37,8.37,8.37,100
2016-02-11 20:13:36,TEMP,TEMPORARY,.19,.19,.19,100
2016-02-11 20:14:16,BDNA,PERMANENT,35.05,25.23,9.82,71.97
2016-02-11 20:14:16,BDNA_PUBLISH,PERMANENT,15.62,10.51,5.11,67.26
2016-02-11 20:14:16,SYSAUX,PERMANENT,5.47,4.07,1.4,74.35
2016-02-11 20:14:16,SYSTEM,PERMANENT,.95,.85,.1,89.68
2016-02-11 20:14:16,UNDOTBS1,UNDO,6.1,.15,5.95,2.44
2016-02-11 20:14:16,USERS,PERMANENT,0,0,0,33.75
Current Time,Tablespace Name,Tablespace Type,Size,Used Space,Free Space,Used %
2016-02-11 20:15:16,BDNA_PUBLISH_TMP,TEMPORARY,9.95,.01,9.95,.08
2016-02-11 20:15:16,BDNA_TMP,TEMPORARY,8.37,8.37,8.37,100
2016-02-11 20:15:16,TEMP,TEMPORARY,.19,.19,.19,100
2016-02-11 20:15:48,BDNA,PERMANENT,35.05,25.89,9.17,73.84
2016-02-11 20:15:48,BDNA_PUBLISH,PERMANENT,15.62,10.51,5.11,67.26
2016-02-11 20:15:48,SYSAUX,PERMANENT,5.47,4.07,1.4,74.35
2016-02-11 20:15:48,SYSTEM,PERMANENT,.95,.85,.1,89.68
2016-02-11 20:15:48,UNDOTBS1,UNDO,6.1,.15,5.95,2.45
2016-02-11 20:15:48,USERS,PERMANENT,0,0,0,33.75
Current Time,Tablespace Name,Tablespace Type,Size,Used Space,Free Space,Used %
2016-02-11 20:16:48,BDNA_PUBLISH_TMP,TEMPORARY,9.95,.01,9.95,.08
2016-02-11 20:16:48,BDNA_TMP,TEMPORARY,8.37,8.37,8.37,100
2016-02-11 20:16:48,TEMP,TEMPORARY,.19,.19,.19,100
2016-02-11 20:17:25,BDNA,PERMANENT,35.05,25.89,9.17,73.84
2016-02-11 20:17:25,BDNA_PUBLISH,PERMANENT,15.62,10.51,5.11,67.26
2016-02-11 20:17:25,SYSAUX,PERMANENT,5.47,4.07,1.4,74.35
2016-02-11 20:17:25,SYSTEM,PERMANENT,.95,.85,.1,89.68
2016-02-11 20:17:25,UNDOTBS1,UNDO,6.1,.15,5.95,2.45
2016-02-11 20:17:25,USERS,PERMANENT,0,0,0,33.75
Current Time,Tablespace Name,Tablespace Type,Size,Used Space,Free Space,Used %
2016-02-11 20:18:25,BDNA_PUBLISH_TMP,TEMPORARY,9.95,.01,9.95,.08
2016-02-11 20:18:25,BDNA_TMP,TEMPORARY,8.37,8.37,8.28,100
2016-02-11 20:18:25,TEMP,TEMPORARY,.19,.19,.19,100
2016-02-11 20:19:01,BDNA,PERMANENT,35.05,25.89,9.17,73.84
2016-02-11 20:19:01,BDNA_PUBLISH,PERMANENT,15.62,10.51,5.11,67.26
2016-02-11 20:19:01,SYSAUX,PERMANENT,5.47,4.07,1.4,74.35
2016-02-11 20:19:01,SYSTEM,PERMANENT,.95,.85,.1,89.68
2016-02-11 20:19:01,UNDOTBS1,UNDO,6.1,.15,5.95,2.45
2016-02-11 20:19:01,USERS,PERMANENT,0,0,0,33.75
Current Time,Tablespace Name,Tablespace Type,Size,Used Space,Free Space,Used %
2016-02-11 20:20:01,BDNA_PUBLISH_TMP,TEMPORARY,9.95,.01,9.95,.08
2016-02-11 20:20:01,BDNA_TMP,TEMPORARY,8.37,8.37,8.14,100
2016-02-11 20:20:01,TEMP,TEMPORARY,.19,.19,.19,100
2016-02-11 20:20:36,BDNA,PERMANENT,35.05,25.89,9.17,73.84
2016-02-11 20:20:36,BDNA_PUBLISH,PERMANENT,15.62,10.51,5.11,67.26
2016-02-11 20:20:36,SYSAUX,PERMANENT,5.47,4.07,1.4,74.35
2016-02-11 20:20:36,SYSTEM,PERMANENT,.95,.85,.1,89.68
2016-02-11 20:20:36,UNDOTBS1,UNDO,6.1,.15,5.95,2.45
2016-02-11 20:20:36,USERS,PERMANENT,0,0,0,33.75
Current Time,Tablespace Name,Tablespace Type,Size,Used Space,Free Space,Used %
2016-02-11 20:21:36,BDNA_PUBLISH_TMP,TEMPORARY,9.95,.01,9.95,.08
2016-02-11 20:21:36,BDNA_TMP,TEMPORARY,8.37,8.37,7.85,100
2016-02-11 20:21:36,TEMP,TEMPORARY,.19,.19,.19,100
2016-02-11 20:22:16,BDNA,PERMANENT,35.05,26.42,8.63,75.38
2016-02-11 20:22:17,BDNA_PUBLISH,PERMANENT,15.62,10.51,5.11,67.26
2016-02-11 20:22:17,SYSAUX,PERMANENT,5.47,4.07,1.4,74.35
2016-02-11 20:22:17,SYSTEM,PERMANENT,.95,.85,.1,89.68
2016-02-11 20:22:17,UNDOTBS1,UNDO,6.1,.18,5.92,2.93
2016-02-11 20:22:17,USERS,PERMANENT,0,0,0,33.75
Current Time,Tablespace Name,Tablespace Type,Size,Used Space,Free Space,Used %
2016-02-11 20:23:17,BDNA_PUBLISH_TMP,TEMPORARY,9.95,.01,9.95,.08
2016-02-11 20:23:17,BDNA_TMP,TEMPORARY,8.37,8.37,8.37,100
2016-02-11 20:23:17,TEMP,TEMPORARY,.19,.19,.19,100
2016-02-11 20:23:44,BDNA,PERMANENT,35.05,26.74,8.32,76.27
2016-02-11 20:23:44,BDNA_PUBLISH,PERMANENT,15.62,10.51,5.11,67.26
2016-02-11 20:23:44,SYSAUX,PERMANENT,5.47,4.07,1.4,74.35
2016-02-11 20:23:44,SYSTEM,PERMANENT,.95,.85,.1,89.68
2016-02-11 20:23:44,UNDOTBS1,UNDO,6.1,.26,5.84,4.18
2016-02-11 20:23:44,USERS,PERMANENT,0,0,0,33.75
Current Time,Tablespace Name,Tablespace Type,Size,Used Space,Free Space,Used %
2016-02-11 20:24:44,BDNA_PUBLISH_TMP,TEMPORARY,9.95,.01,9.95,.08
2016-02-11 20:24:44,BDNA_TMP,TEMPORARY,8.37,8.37,8.37,100
2016-02-11 20:24:44,TEMP,TEMPORARY,.19,.19,.19,100
2016-02-11 20:25:28,BDNA,PERMANENT,35.05,26.8,8.25,76.47
2016-02-11 20:25:28,BDNA_PUBLISH,PERMANENT,15.62,10.51,5.11,67.26
2016-02-11 20:25:28,SYSAUX,PERMANENT,5.47,4.07,1.4,74.35
2016-02-11 20:25:28,SYSTEM,PERMANENT,.95,.85,.1,89.68
2016-02-11 20:25:28,UNDOTBS1,UNDO,6.1,.26,5.84,4.2
2016-02-11 20:25:28,USERS,PERMANENT,0,0,0,33.75
Current Time,Tablespace Name,Tablespace Type,Size,Used Space,Free Space,Used %
2016-02-11 20:26:28,BDNA_PUBLISH_TMP,TEMPORARY,9.95,.01,9.95,.08
2016-02-11 20:26:28,BDNA_TMP,TEMPORARY,8.37,8.37,8.22,100
2016-02-11 20:26:28,TEMP,TEMPORARY,.19,.19,.19,100
2016-02-11 20:27:14,BDNA,PERMANENT,35.05,26.71,8.35,76.19
2016-02-11 20:27:14,BDNA_PUBLISH,PERMANENT,15.62,10.51,5.11,67.26
2016-02-11 20:27:14,SYSAUX,PERMANENT,5.47,4.07,1.4,74.43
2016-02-11 20:27:14,SYSTEM,PERMANENT,.95,.85,.1,89.68
2016-02-11 20:27:14,UNDOTBS1,UNDO,6.1,.43,5.67,7.08
2016-02-11 20:27:14,USERS,PERMANENT,0,0,0,33.75
Current Time,Tablespace Name,Tablespace Type,Size,Used Space,Free Space,Used %
2016-02-11 20:28:14,BDNA_PUBLISH_TMP,TEMPORARY,9.95,.01,9.95,.08
2016-02-11 20:28:14,BDNA_TMP,TEMPORARY,8.37,8.37,8.37,100
2016-02-11 20:28:14,TEMP,TEMPORARY,.19,.19,.19,100
2016-02-11 20:28:41,BDNA,PERMANENT,35.05,26.69,8.37,76.13
2016-02-11 20:28:41,BDNA_PUBLISH,PERMANENT,15.62,10.51,5.11,67.26
2016-02-11 20:28:41,SYSAUX,PERMANENT,5.47,4.07,1.4,74.43
2016-02-11 20:28:41,SYSTEM,PERMANENT,.95,.85,.1,89.68
2016-02-11 20:28:41,UNDOTBS1,UNDO,6.1,.46,5.64,7.56
2016-02-11 20:28:41,USERS,PERMANENT,0,0,0,33.75
Current Time,Tablespace Name,Tablespace Type,Size,Used Space,Free Space,Used %
2016-02-11 20:29:42,BDNA_PUBLISH_TMP,TEMPORARY,9.95,.01,9.95,.08
2016-02-11 20:29:42,BDNA_TMP,TEMPORARY,8.37,8.37,8.37,100
2016-02-11 20:29:42,TEMP,TEMPORARY,.19,.19,.19,100
2016-02-11 20:30:26,BDNA,PERMANENT,35.05,26.69,8.37,76.13
2016-02-11 20:30:26,BDNA_PUBLISH,PERMANENT,15.62,10.51,5.11,67.26
2016-02-11 20:30:26,SYSAUX,PERMANENT,5.47,4.07,1.4,74.43
2016-02-11 20:30:26,SYSTEM,PERMANENT,.95,.85,.1,89.68
2016-02-11 20:30:26,UNDOTBS1,UNDO,6.1,.46,5.64,7.56
2016-02-11 20:30:26,USERS,PERMANENT,0,0,0,33.75
Current Time,Tablespace Name,Tablespace Type,Size,Used Space,Free Space,Used %
2016-02-11 20:31:26,BDNA_PUBLISH_TMP,TEMPORARY,9.95,.01,9.95,.08
2016-02-11 20:31:26,BDNA_TMP,TEMPORARY,8.37,8.37,8.37,100
2016-02-11 20:31:26,TEMP,TEMPORARY,.19,.19,.19,100
2016-02-11 20:31:57,BDNA,PERMANENT,35.05,26.69,8.37,76.13
2016-02-11 20:31:57,BDNA_PUBLISH,PERMANENT,15.62,10.51,5.11,67.26
2016-02-11 20:31:57,SYSAUX,PERMANENT,5.47,4.07,1.4,74.43
2016-02-11 20:31:57,SYSTEM,PERMANENT,.95,.85,.1,89.68
2016-02-11 20:31:57,UNDOTBS1,UNDO,6.1,.46,5.64,7.56
2016-02-11 20:31:57,USERS,PERMANENT,0,0,0,33.75
Current Time,Tablespace Name,Tablespace Type,Size,Used Space,Free Space,Used %
2016-02-11 20:32:58,BDNA_PUBLISH_TMP,TEMPORARY,9.95,.5,9.45,5.06
2016-02-11 20:32:58,BDNA_TMP,TEMPORARY,8.37,8.37,8.37,100
2016-02-11 20:32:58,TEMP,TEMPORARY,.19,.19,.19,100
2016-02-11 20:34:44,BDNA,PERMANENT,35.05,26.69,8.37,76.13
2016-02-11 20:34:45,BDNA_PUBLISH,PERMANENT,15.62,11.12,4.5,71.17
2016-02-11 20:34:46,SYSAUX,PERMANENT,5.47,4.08,1.39,74.54
2016-02-11 20:34:47,SYSTEM,PERMANENT,.95,.85,.1,89.68
2016-02-11 20:34:49,UNDOTBS1,UNDO,6.1,.47,5.63,7.72
2016-02-11 20:34:50,USERS,PERMANENT,0,0,0,33.75
Current Time,Tablespace Name,Tablespace Type,Size,Used Space,Free Space,Used %
2016-02-11 20:35:51,BDNA_PUBLISH_TMP,TEMPORARY,9.95,.73,9.95,7.36
2016-02-11 20:35:51,BDNA_TMP,TEMPORARY,8.37,8.37,8.37,100
2016-02-11 20:35:51,TEMP,TEMPORARY,.19,.19,.19,100
2016-02-11 20:36:27,BDNA,PERMANENT,35.05,26.69,8.37,76.13
2016-02-11 20:36:27,BDNA_PUBLISH,PERMANENT,15.62,13.9,1.72,88.96
2016-02-11 20:36:27,SYSAUX,PERMANENT,5.47,4.08,1.39,74.66
2016-02-11 20:36:27,SYSTEM,PERMANENT,.95,.85,.1,89.68
2016-02-11 20:36:27,UNDOTBS1,UNDO,6.1,.51,5.59,8.33
2016-02-11 20:36:27,USERS,PERMANENT,0,0,0,33.75
Current Time,Tablespace Name,Tablespace Type,Size,Used Space,Free Space,Used %
2016-02-11 20:37:27,BDNA_PUBLISH_TMP,TEMPORARY,9.95,1.44,8.51,14.5
2016-02-11 20:37:27,BDNA_TMP,TEMPORARY,8.37,8.37,8.37,100
2016-02-11 20:37:27,TEMP,TEMPORARY,.19,.19,.19,100
2016-02-11 20:38:39,BDNA,PERMANENT,35.05,26.69,8.37,76.13
2016-02-11 20:38:39,BDNA_PUBLISH,PERMANENT,15.62,14.4,1.22,92.19
2016-02-11 20:38:39,SYSAUX,PERMANENT,5.47,4.09,1.38,74.77
2016-02-11 20:38:39,SYSTEM,PERMANENT,.95,.85,.1,89.68
2016-02-11 20:38:39,UNDOTBS1,UNDO,6.1,.51,5.59,8.35
2016-02-11 20:38:39,USERS,PERMANENT,0,0,0,33.75
Current Time,Tablespace Name,Tablespace Type,Size,Used Space,Free Space,Used %
2016-02-11 20:39:40,BDNA_PUBLISH_TMP,TEMPORARY,9.95,8.13,1.83,81.65
2016-02-11 20:39:40,BDNA_TMP,TEMPORARY,8.37,8.37,8.37,100
2016-02-11 20:39:40,TEMP,TEMPORARY,.19,.19,.19,100
2016-02-11 20:40:29,BDNA,PERMANENT,35.05,26.69,8.37,76.13
2016-02-11 20:40:29,BDNA_PUBLISH,PERMANENT,16.81,16,.81,95.17
2016-02-11 20:40:29,SYSAUX,PERMANENT,5.47,4.09,1.38,74.77
2016-02-11 20:40:29,SYSTEM,PERMANENT,.95,.85,.1,89.68
2016-02-11 20:40:29,UNDOTBS1,UNDO,6.1,.54,5.56,8.84
2016-02-11 20:40:29,USERS,PERMANENT,0,0,0,33.75
Current Time,Tablespace Name,Tablespace Type,Size,Used Space,Free Space,Used %
2016-02-11 20:41:29,BDNA_PUBLISH_TMP,TEMPORARY,9.95,8.13,1.83,81.65
2016-02-11 20:41:29,BDNA_TMP,TEMPORARY,8.37,8.37,8.37,100
2016-02-11 20:41:29,TEMP,TEMPORARY,.19,.19,.19,100
2016-02-11 20:42:18,BDNA,PERMANENT,35.05,26.69,8.37,76.13
2016-02-11 20:42:18,BDNA_PUBLISH,PERMANENT,21.43,21.07,.37,98.3
2016-02-11 20:42:18,SYSAUX,PERMANENT,5.47,4.09,1.38,74.77
2016-02-11 20:42:18,SYSTEM,PERMANENT,.95,.85,.1,89.68
2016-02-11 20:42:18,UNDOTBS1,UNDO,6.1,.54,5.56,8.84
2016-02-11 20:42:18,USERS,PERMANENT,0,0,0,33.75
Current Time,Tablespace Name,Tablespace Type,Size,Used Space,Free Space,Used %
2016-02-11 20:43:18,BDNA_PUBLISH_TMP,TEMPORARY,9.95,8.13,9.95,81.65
2016-02-11 20:43:18,BDNA_TMP,TEMPORARY,8.37,8.37,8.37,100
2016-02-11 20:43:18,TEMP,TEMPORARY,.19,.19,.19,100
2016-02-11 20:43:44,BDNA,PERMANENT,35.05,26.69,8.37,76.13
2016-02-11 20:43:44,BDNA_PUBLISH,PERMANENT,25.68,24.51,1.18,95.41
2016-02-11 20:43:44,SYSAUX,PERMANENT,5.47,4.09,1.38,74.77
2016-02-11 20:43:44,SYSTEM,PERMANENT,.95,.85,.1,89.68
2016-02-11 20:43:44,UNDOTBS1,UNDO,6.1,.54,5.56,8.84
2016-02-11 20:43:44,USERS,PERMANENT,0,0,0,33.75
Current Time,Tablespace Name,Tablespace Type,Size,Used Space,Free Space,Used %
2016-02-11 20:44:44,BDNA_PUBLISH_TMP,TEMPORARY,9.95,8.13,9.95,81.65
2016-02-11 20:44:44,BDNA_TMP,TEMPORARY,8.37,8.37,8.37,100
2016-02-11 20:44:44,TEMP,TEMPORARY,.19,.19,.19,100
2016-02-11 20:45:27,BDNA,PERMANENT,35.05,26.69,8.37,76.13
2016-02-11 20:45:27,BDNA_PUBLISH,PERMANENT,25.68,24.51,1.18,95.41
2016-02-11 20:45:27,SYSAUX,PERMANENT,5.47,4.09,1.38,74.84
2016-02-11 20:45:27,SYSTEM,PERMANENT,.95,.85,.1,89.68
2016-02-11 20:45:27,UNDOTBS1,UNDO,6.1,.54,5.56,8.84
2016-02-11 20:45:27,USERS,PERMANENT,0,0,0,33.75
Current Time,Tablespace Name,Tablespace Type,Size,Used Space,Free Space,Used %
2016-02-11 20:46:27,BDNA_PUBLISH_TMP,TEMPORARY,9.95,8.13,9.95,81.65
2016-02-11 20:46:27,BDNA_TMP,TEMPORARY,8.37,8.37,8.37,100
2016-02-11 20:46:27,TEMP,TEMPORARY,.19,.19,.19,100
2016-02-11 20:46:53,BDNA,PERMANENT,35.05,26.69,8.37,76.13
2016-02-11 20:46:53,BDNA_PUBLISH,PERMANENT,25.68,24.51,1.17,95.44
2016-02-11 20:46:53,SYSAUX,PERMANENT,5.47,4.09,1.38,74.84
2016-02-11 20:46:53,SYSTEM,PERMANENT,.95,.85,.1,89.68
2016-02-11 20:46:53,UNDOTBS1,UNDO,6.1,.54,5.56,8.84
2016-02-11 20:46:53,USERS,PERMANENT,0,0,0,33.75
Current Time,Tablespace Name,Tablespace Type,Size,Used Space,Free Space,Used %
2016-02-11 20:47:53,BDNA_PUBLISH_TMP,TEMPORARY,9.95,8.13,9.95,81.65
2016-02-11 20:47:53,BDNA_TMP,TEMPORARY,8.37,8.37,8.37,100
2016-02-11 20:47:53,TEMP,TEMPORARY,.19,.19,.19,100
2016-02-11 20:48:19,BDNA,PERMANENT,35.05,26.69,8.37,76.13
2016-02-11 20:48:19,BDNA_PUBLISH,PERMANENT,25.68,24.52,1.16,95.49
2016-02-11 20:48:19,SYSAUX,PERMANENT,5.47,4.09,1.38,74.84
2016-02-11 20:48:19,SYSTEM,PERMANENT,.95,.85,.1,89.68
2016-02-11 20:48:19,UNDOTBS1,UNDO,6.1,.54,5.56,8.84
2016-02-11 20:48:19,USERS,PERMANENT,0,0,0,33.75
Current Time,Tablespace Name,Tablespace Type,Size,Used Space,Free Space,Used %
2016-02-11 20:49:19,BDNA_PUBLISH_TMP,TEMPORARY,9.95,8.13,9.95,81.65
2016-02-11 20:49:19,BDNA_TMP,TEMPORARY,8.37,8.37,8.37,100
2016-02-11 20:49:19,TEMP,TEMPORARY,.19,.19,.19,100
2016-02-11 20:49:45,BDNA,PERMANENT,35.05,26.69,8.37,76.13
2016-02-11 20:49:45,BDNA_PUBLISH,PERMANENT,25.68,24.53,1.16,95.5
2016-02-11 20:49:45,SYSAUX,PERMANENT,5.47,4.09,1.38,74.84
2016-02-11 20:49:45,SYSTEM,PERMANENT,.95,.85,.1,89.68
2016-02-11 20:49:45,UNDOTBS1,UNDO,6.1,.54,5.56,8.84
2016-02-11 20:49:45,USERS,PERMANENT,0,0,0,33.75
Current Time,Tablespace Name,Tablespace Type,Size,Used Space,Free Space,Used %
2016-02-11 20:50:45,BDNA_PUBLISH_TMP,TEMPORARY,9.95,8.13,9.95,81.65
2016-02-11 20:50:45,BDNA_TMP,TEMPORARY,8.37,8.37,8.37,100
2016-02-11 20:50:45,TEMP,TEMPORARY,.19,.19,.19,100
2016-02-11 20:51:12,BDNA,PERMANENT,35.05,26.69,8.37,76.13
2016-02-11 20:51:12,BDNA_PUBLISH,PERMANENT,25.68,24.53,1.16,95.5
2016-02-11 20:51:12,SYSAUX,PERMANENT,5.47,4.09,1.38,74.84
2016-02-11 20:51:12,SYSTEM,PERMANENT,.95,.85,.1,89.68
2016-02-11 20:51:12,UNDOTBS1,UNDO,6.1,.54,5.56,8.84
2016-02-11 20:51:12,USERS,PERMANENT,0,0,0,33.75
Current Time,Tablespace Name,Tablespace Type,Size,Used Space,Free Space,Used %
2016-02-11 20:52:13,BDNA_PUBLISH_TMP,TEMPORARY,9.95,8.13,9.76,81.65
2016-02-11 20:52:13,BDNA_TMP,TEMPORARY,8.37,8.37,8.37,100
2016-02-11 20:52:13,TEMP,TEMPORARY,.19,.19,.19,100
2016-02-11 20:52:58,BDNA,PERMANENT,35.05,26.69,8.37,76.13
2016-02-11 20:52:58,BDNA_PUBLISH,PERMANENT,25.68,24.66,1.03,96.01
2016-02-11 20:52:58,SYSAUX,PERMANENT,5.47,4.09,1.38,74.85
2016-02-11 20:52:58,SYSTEM,PERMANENT,.95,.85,.1,89.68
2016-02-11 20:52:58,UNDOTBS1,UNDO,6.1,.56,5.54,9.15
2016-02-11 20:52:58,USERS,PERMANENT,0,0,0,33.75
Current Time,Tablespace Name,Tablespace Type,Size,Used Space,Free Space,Used %
2016-02-11 20:53:58,BDNA_PUBLISH_TMP,TEMPORARY,9.95,8.13,8.7,81.65
2016-02-11 20:53:58,BDNA_TMP,TEMPORARY,8.37,8.37,8.37,100
2016-02-11 20:53:58,TEMP,TEMPORARY,.19,.19,.19,100
2016-02-11 20:54:26,BDNA,PERMANENT,35.05,26.69,8.37,76.13
2016-02-11 20:54:26,BDNA_PUBLISH,PERMANENT,27,25.9,1.11,95.91
2016-02-11 20:54:26,SYSAUX,PERMANENT,5.47,4.1,1.37,74.9
2016-02-11 20:54:26,SYSTEM,PERMANENT,.95,.85,.1,89.68
2016-02-11 20:54:26,UNDOTBS1,UNDO,6.1,.55,5.55,9.04
2016-02-11 20:54:26,USERS,PERMANENT,0,0,0,33.75
Current Time,Tablespace Name,Tablespace Type,Size,Used Space,Free Space,Used %
2016-02-11 20:55:26,BDNA_PUBLISH_TMP,TEMPORARY,9.95,8.13,9.95,81.65
2016-02-11 20:55:26,BDNA_TMP,TEMPORARY,8.37,8.37,8.37,100
2016-02-11 20:55:26,TEMP,TEMPORARY,.19,.19,.19,100
2016-02-11 20:55:50,BDNA,PERMANENT,35.05,26.69,8.37,76.13
2016-02-11 20:55:50,BDNA_PUBLISH,PERMANENT,27,26.02,.98,96.37
2016-02-11 20:55:50,SYSAUX,PERMANENT,5.47,4.1,1.37,74.9
2016-02-11 20:55:50,SYSTEM,PERMANENT,.95,.85,.1,89.68
2016-02-11 20:55:50,UNDOTBS1,UNDO,6.1,.55,5.55,9.04
2016-02-11 20:55:50,USERS,PERMANENT,0,0,0,33.75
Current Time,Tablespace Name,Tablespace Type,Size,Used Space,Free Space,Used %
2016-02-11 20:56:50,BDNA_PUBLISH_TMP,TEMPORARY,9.95,8.13,9.95,81.65
2016-02-11 20:56:50,BDNA_TMP,TEMPORARY,8.37,8.37,8.37,100
2016-02-11 20:56:50,TEMP,TEMPORARY,.19,.19,.19,100
2016-02-11 20:57:15,BDNA,PERMANENT,35.05,26.69,8.37,76.13
2016-02-11 20:57:15,BDNA_PUBLISH,PERMANENT,27.38,26.02,1.36,95.05
2016-02-11 20:57:15,SYSAUX,PERMANENT,5.47,4.1,1.37,74.9
2016-02-11 20:57:15,SYSTEM,PERMANENT,.95,.85,.1,89.68
2016-02-11 20:57:15,UNDOTBS1,UNDO,6.1,.55,5.55,9.04
2016-02-11 20:57:15,USERS,PERMANENT,0,0,0,33.75
Current Time,Tablespace Name,Tablespace Type,Size,Used Space,Free Space,Used %
2016-02-11 20:58:15,BDNA_PUBLISH_TMP,TEMPORARY,9.95,8.13,9.95,81.65
2016-02-11 20:58:15,BDNA_TMP,TEMPORARY,8.37,8.37,8.37,100
2016-02-11 20:58:15,TEMP,TEMPORARY,.19,.19,.19,100
2016-02-11 20:58:41,BDNA,PERMANENT,35.05,26.69,8.37,76.13
2016-02-11 20:58:41,BDNA_PUBLISH,PERMANENT,27.38,26.02,1.36,95.05
2016-02-11 20:58:41,SYSAUX,PERMANENT,5.47,4.1,1.37,74.9
2016-02-11 20:58:41,SYSTEM,PERMANENT,.95,.85,.1,89.68
2016-02-11 20:58:41,UNDOTBS1,UNDO,6.1,.55,5.55,9.04
2016-02-11 20:58:41,USERS,PERMANENT,0,0,0,33.75
Current Time,Tablespace Name,Tablespace Type,Size,Used Space,Free Space,Used %
2016-02-11 20:59:40,BDNA_PUBLISH_TMP,TEMPORARY,9.95,8.13,9.95,81.65
2016-02-11 20:59:40,BDNA_TMP,TEMPORARY,8.37,8.37,8.37,100
2016-02-11 20:59:40,TEMP,TEMPORARY,.19,.19,.19,100
2016-02-11 21:00:12,BDNA,PERMANENT,35.05,26.69,8.37,76.13
2016-02-11 21:00:12,BDNA_PUBLISH,PERMANENT,27.38,26.02,1.36,95.05
2016-02-11 21:00:12,SYSAUX,PERMANENT,5.47,4.1,1.37,74.9
2016-02-11 21:00:12,SYSTEM,PERMANENT,.95,.85,.1,89.68
2016-02-11 21:00:12,UNDOTBS1,UNDO,6.1,.55,5.55,9.04
2016-02-11 21:00:12,USERS,PERMANENT,0,0,0,33.75
Current Time,Tablespace Name,Tablespace Type,Size,Used Space,Free Space,Used %
2016-02-11 23:27:06,BDNA_PUBLISH_TMP,TEMPORARY,9.95,8.13,9.95,81.65
2016-02-11 23:27:06,BDNA_TMP,TEMPORARY,8.37,8.37,8.37,100
2016-02-11 23:27:06,TEMP,TEMPORARY,.19,.19,.19,100
2016-02-11 23:27:31,BDNA,PERMANENT,35.05,26.69,8.37,76.13
2016-02-11 23:27:31,BDNA_PUBLISH,PERMANENT,27.38,26.02,1.36,95.05
2016-02-11 23:27:31,SYSAUX,PERMANENT,5.47,4.12,1.35,75.33
2016-02-11 23:27:31,SYSTEM,PERMANENT,.95,.85,.1,89.68
2016-02-11 23:27:31,UNDOTBS1,UNDO,6.1,.24,5.86,3.91
2016-02-11 23:27:31,USERS,PERMANENT,0,0,0,33.75
Current Time,Tablespace Name,Tablespace Type,Size,Used Space,Free Space,Used %
2016-02-11 23:28:31,BDNA_PUBLISH_TMP,TEMPORARY,9.95,8.13,9.95,81.65
2016-02-11 23:28:31,BDNA_TMP,TEMPORARY,8.37,8.37,8.36,100
2016-02-11 23:28:31,TEMP,TEMPORARY,.19,.19,.19,100
2016-02-11 23:29:04,BDNA,PERMANENT,35.05,26.88,8.18,76.67
2016-02-11 23:29:04,BDNA_PUBLISH,PERMANENT,27.38,26.02,1.36,95.05
2016-02-11 23:29:04,SYSAUX,PERMANENT,5.47,4.12,1.35,75.33
2016-02-11 23:29:04,SYSTEM,PERMANENT,.95,.85,.1,89.68
2016-02-11 23:29:04,UNDOTBS1,UNDO,6.1,.24,5.86,3.94
2016-02-11 23:29:04,USERS,PERMANENT,0,0,0,33.75
Current Time,Tablespace Name,Tablespace Type,Size,Used Space,Free Space,Used %
2016-02-11 23:30:05,BDNA_PUBLISH_TMP,TEMPORARY,9.95,8.13,9.95,81.65
2016-02-11 23:30:05,BDNA_TMP,TEMPORARY,8.37,8.37,8.36,100
2016-02-11 23:30:05,TEMP,TEMPORARY,.19,.19,.19,100
2016-02-11 23:30:41,BDNA,PERMANENT,35.05,26.78,8.28,76.39
2016-02-11 23:30:41,BDNA_PUBLISH,PERMANENT,27.38,24.78,2.6,90.49
2016-02-11 23:30:41,SYSAUX,PERMANENT,5.47,4.12,1.35,75.36
2016-02-11 23:30:41,SYSTEM,PERMANENT,.95,.85,.1,89.68
2016-02-11 23:30:41,UNDOTBS1,UNDO,6.1,.18,5.91,3.01
2016-02-11 23:30:41,USERS,PERMANENT,0,0,0,33.75
Current Time,Tablespace Name,Tablespace Type,Size,Used Space,Free Space,Used %
2016-02-11 23:31:41,BDNA_PUBLISH_TMP,TEMPORARY,9.95,8.13,9.95,81.65
2016-02-11 23:31:41,BDNA_TMP,TEMPORARY,8.37,8.37,8.37,100
2016-02-11 23:31:41,TEMP,TEMPORARY,.19,.19,.19,100
2016-02-11 23:32:10,BDNA,PERMANENT,35.05,26.78,8.28,76.39
2016-02-11 23:32:10,BDNA_PUBLISH,PERMANENT,27.38,24.44,2.94,89.25
2016-02-11 23:32:10,SYSAUX,PERMANENT,5.47,4.13,1.34,75.5
2016-02-11 23:32:10,SYSTEM,PERMANENT,.95,.85,.1,89.68
2016-02-11 23:32:10,UNDOTBS1,UNDO,6.1,.23,5.87,3.72
2016-02-11 23:32:10,USERS,PERMANENT,0,0,0,33.75
Current Time,Tablespace Name,Tablespace Type,Size,Used Space,Free Space,Used %
2016-02-11 23:33:10,BDNA_PUBLISH_TMP,TEMPORARY,9.95,8.13,8.69,81.65
2016-02-11 23:33:10,BDNA_TMP,TEMPORARY,8.37,8.37,8.37,100
2016-02-11 23:33:10,TEMP,TEMPORARY,.19,.19,.19,100
2016-02-11 23:33:42,BDNA,PERMANENT,35.05,26.78,8.28,76.39
2016-02-11 23:33:42,BDNA_PUBLISH,PERMANENT,27.38,24.57,2.81,89.73
2016-02-11 23:33:42,SYSAUX,PERMANENT,5.47,4.13,1.34,75.51
2016-02-11 23:33:42,SYSTEM,PERMANENT,.95,.85,.1,89.68
2016-02-11 23:33:42,UNDOTBS1,UNDO,6.1,.23,5.87,3.78
2016-02-11 23:33:42,USERS,PERMANENT,0,0,0,33.75
Current Time,Tablespace Name,Tablespace Type,Size,Used Space,Free Space,Used %
2016-02-11 23:34:42,BDNA_PUBLISH_TMP,TEMPORARY,9.95,8.13,9.95,81.65
2016-02-11 23:34:42,BDNA_TMP,TEMPORARY,8.37,8.37,8.37,100
2016-02-11 23:34:42,TEMP,TEMPORARY,.19,.19,.19,100
2016-02-11 23:35:04,BDNA,PERMANENT,35.05,26.78,8.28,76.39
2016-02-11 23:35:04,BDNA_PUBLISH,PERMANENT,27.38,25.65,1.73,93.69
2016-02-11 23:35:04,SYSAUX,PERMANENT,5.47,4.13,1.34,75.51
2016-02-11 23:35:04,SYSTEM,PERMANENT,.95,.85,.1,89.68
2016-02-11 23:35:04,UNDOTBS1,UNDO,6.1,.23,5.87,3.78
2016-02-11 23:35:04,USERS,PERMANENT,0,0,0,33.75
Current Time,Tablespace Name,Tablespace Type,Size,Used Space,Free Space,Used %
2016-02-11 23:36:04,BDNA_PUBLISH_TMP,TEMPORARY,9.95,8.13,9.95,81.65
2016-02-11 23:36:04,BDNA_TMP,TEMPORARY,8.37,8.37,8.37,100
2016-02-11 23:36:04,TEMP,TEMPORARY,.19,.19,.19,100
2016-02-11 23:36:25,BDNA,PERMANENT,35.05,26.78,8.28,76.39
2016-02-11 23:36:25,BDNA_PUBLISH,PERMANENT,27.38,25.65,1.73,93.69
2016-02-11 23:36:25,SYSAUX,PERMANENT,5.47,4.13,1.34,75.51
2016-02-11 23:36:25,SYSTEM,PERMANENT,.95,.85,.1,89.68
2016-02-11 23:36:25,UNDOTBS1,UNDO,6.1,.23,5.87,3.78
2016-02-11 23:36:25,USERS,PERMANENT,0,0,0,33.75
Current Time,Tablespace Name,Tablespace Type,Size,Used Space,Free Space,Used %
2016-02-11 23:37:25,BDNA_PUBLISH_TMP,TEMPORARY,9.95,8.13,9.95,81.65
2016-02-11 23:37:25,BDNA_TMP,TEMPORARY,8.37,8.37,8.37,100
2016-02-11 23:37:25,TEMP,TEMPORARY,.19,.19,.19,100
2016-02-11 23:37:46,BDNA,PERMANENT,35.05,26.78,8.28,76.39
2016-02-11 23:37:46,BDNA_PUBLISH,PERMANENT,27.38,25.65,1.73,93.69
2016-02-11 23:37:46,SYSAUX,PERMANENT,5.47,4.13,1.34,75.51
2016-02-11 23:37:46,SYSTEM,PERMANENT,.95,.85,.1,89.68
2016-02-11 23:37:46,UNDOTBS1,UNDO,6.1,.21,5.89,3.45
2016-02-11 23:37:46,USERS,PERMANENT,0,0,0,33.75
Current Time,Tablespace Name,Tablespace Type,Size,Used Space,Free Space,Used %
2016-02-11 23:38:46,BDNA_PUBLISH_TMP,TEMPORARY,9.95,8.13,9.95,81.65
2016-02-11 23:38:46,BDNA_TMP,TEMPORARY,8.37,8.37,8.37,100
2016-02-11 23:38:46,TEMP,TEMPORARY,.19,.19,.19,100
2016-02-11 23:39:07,BDNA,PERMANENT,35.05,26.78,8.28,76.39
2016-02-11 23:39:07,BDNA_PUBLISH,PERMANENT,27.38,25.65,1.73,93.69
2016-02-11 23:39:07,SYSAUX,PERMANENT,5.47,4.13,1.34,75.51
2016-02-11 23:39:07,SYSTEM,PERMANENT,.95,.85,.1,89.68
2016-02-11 23:39:07,UNDOTBS1,UNDO,6.1,.21,5.89,3.45
2016-02-11 23:39:07,USERS,PERMANENT,0,0,0,33.75
Current Time,Tablespace Name,Tablespace Type,Size,Used Space,Free Space,Used %
2016-02-11 23:40:07,BDNA_PUBLISH_TMP,TEMPORARY,9.95,8.13,9.95,81.65
2016-02-11 23:40:07,BDNA_TMP,TEMPORARY,8.37,8.37,8.37,100
2016-02-11 23:40:07,TEMP,TEMPORARY,.19,.19,.19,100
2016-02-11 23:40:28,BDNA,PERMANENT,35.05,26.78,8.28,76.39
2016-02-11 23:40:28,BDNA_PUBLISH,PERMANENT,27.38,25.65,1.73,93.69
2016-02-11 23:40:28,SYSAUX,PERMANENT,5.47,4.13,1.34,75.51
2016-02-11 23:40:28,SYSTEM,PERMANENT,.95,.85,.1,89.68
2016-02-11 23:40:28,UNDOTBS1,UNDO,6.1,.21,5.89,3.45
2016-02-11 23:40:28,USERS,PERMANENT,0,0,0,33.75
Current Time,Tablespace Name,Tablespace Type,Size,Used Space,Free Space,Used %
2016-02-11 23:41:28,BDNA_PUBLISH_TMP,TEMPORARY,9.95,8.13,9.95,81.65
2016-02-11 23:41:28,BDNA_TMP,TEMPORARY,8.37,8.37,8.37,100
2016-02-11 23:41:28,TEMP,TEMPORARY,.19,.19,.19,100
2016-02-11 23:41:48,BDNA,PERMANENT,35.05,26.78,8.28,76.39
2016-02-11 23:41:48,BDNA_PUBLISH,PERMANENT,27.38,25.65,1.73,93.69
2016-02-11 23:41:48,SYSAUX,PERMANENT,5.47,4.13,1.34,75.51
2016-02-11 23:41:48,SYSTEM,PERMANENT,.95,.85,.1,89.68
2016-02-11 23:41:48,UNDOTBS1,UNDO,6.1,.21,5.89,3.45
2016-02-11 23:41:48,USERS,PERMANENT,0,0,0,33.75
Current Time,Tablespace Name,Tablespace Type,Size,Used Space,Free Space,Used %
2016-02-11 23:42:48,BDNA_PUBLISH_TMP,TEMPORARY,9.95,8.13,9.95,81.65
2016-02-11 23:42:48,BDNA_TMP,TEMPORARY,8.37,8.37,8.37,100
2016-02-11 23:42:48,TEMP,TEMPORARY,.19,.19,.19,100
2016-02-11 23:43:10,BDNA,PERMANENT,35.05,26.78,8.28,76.39
2016-02-11 23:43:10,BDNA_PUBLISH,PERMANENT,27.38,25.65,1.73,93.69
2016-02-11 23:43:10,SYSAUX,PERMANENT,5.47,4.13,1.34,75.51
2016-02-11 23:43:10,SYSTEM,PERMANENT,.95,.85,.1,89.68
2016-02-11 23:43:10,UNDOTBS1,UNDO,6.1,.21,5.89,3.45
2016-02-11 23:43:10,USERS,PERMANENT,0,0,0,33.75
Current Time,Tablespace Name,Tablespace Type,Size,Used Space,Free Space,Used %
2016-02-11 23:44:09,BDNA_PUBLISH_TMP,TEMPORARY,9.95,8.13,9.95,81.65
2016-02-11 23:44:09,BDNA_TMP,TEMPORARY,8.37,8.37,8.37,100
2016-02-11 23:44:09,TEMP,TEMPORARY,.19,.19,.19,100
2016-02-11 23:44:30,BDNA,PERMANENT,35.05,26.78,8.28,76.39
2016-02-11 23:44:30,BDNA_PUBLISH,PERMANENT,27.38,25.65,1.73,93.69
2016-02-11 23:44:30,SYSAUX,PERMANENT,5.47,4.13,1.34,75.51
2016-02-11 23:44:30,SYSTEM,PERMANENT,.95,.85,.1,89.68
2016-02-11 23:44:30,UNDOTBS1,UNDO,6.1,.21,5.89,3.45
2016-02-11 23:44:30,USERS,PERMANENT,0,0,0,33.75
Current Time,Tablespace Name,Tablespace Type,Size,Used Space,Free Space,Used %
2016-02-11 23:45:30,BDNA_PUBLISH_TMP,TEMPORARY,9.95,8.13,9.95,81.65
2016-02-11 23:45:30,BDNA_TMP,TEMPORARY,8.37,8.37,8.37,100
2016-02-11 23:45:30,TEMP,TEMPORARY,.19,.19,.19,100
2016-02-11 23:45:52,BDNA,PERMANENT,35.05,26.78,8.28,76.39
2016-02-11 23:45:52,BDNA_PUBLISH,PERMANENT,27.38,25.65,1.73,93.69
2016-02-11 23:45:52,SYSAUX,PERMANENT,5.47,4.13,1.34,75.53
2016-02-11 23:45:52,SYSTEM,PERMANENT,.95,.85,.1,89.68
2016-02-11 23:45:52,UNDOTBS1,UNDO,6.1,.21,5.89,3.45
2016-02-11 23:45:52,USERS,PERMANENT,0,0,0,33.75
Current Time,Tablespace Name,Tablespace Type,Size,Used Space,Free Space,Used %
2016-02-11 23:46:52,BDNA_PUBLISH_TMP,TEMPORARY,9.95,8.13,9.95,81.65
2016-02-11 23:46:52,BDNA_TMP,TEMPORARY,8.37,8.37,8.37,100
2016-02-11 23:46:52,TEMP,TEMPORARY,.19,.19,.19,100
2016-02-11 23:47:13,BDNA,PERMANENT,35.05,26.78,8.28,76.39
2016-02-11 23:47:13,BDNA_PUBLISH,PERMANENT,27.38,25.65,1.73,93.69
2016-02-11 23:47:13,SYSAUX,PERMANENT,5.47,4.13,1.34,75.53
2016-02-11 23:47:13,SYSTEM,PERMANENT,.95,.85,.1,89.68
2016-02-11 23:47:13,UNDOTBS1,UNDO,6.1,.21,5.89,3.45
2016-02-11 23:47:13,USERS,PERMANENT,0,0,0,33.75
Current Time,Tablespace Name,Tablespace Type,Size,Used Space,Free Space,Used %
2016-02-11 23:48:13,BDNA_PUBLISH_TMP,TEMPORARY,9.95,8.13,9.95,81.65
2016-02-11 23:48:13,BDNA_TMP,TEMPORARY,8.37,8.37,8.37,100
2016-02-11 23:48:13,TEMP,TEMPORARY,.19,.19,.19,100
2016-02-11 23:48:34,BDNA,PERMANENT,35.05,26.78,8.28,76.39
2016-02-11 23:48:34,BDNA_PUBLISH,PERMANENT,27.38,25.65,1.73,93.69
2016-02-11 23:48:34,SYSAUX,PERMANENT,5.47,4.13,1.34,75.53
2016-02-11 23:48:34,SYSTEM,PERMANENT,.95,.85,.1,89.68
2016-02-11 23:48:34,UNDOTBS1,UNDO,6.1,.21,5.89,3.45
2016-02-11 23:48:34,USERS,PERMANENT,0,0,0,33.75
Current Time,Tablespace Name,Tablespace Type,Size,Used Space,Free Space,Used %
2016-02-11 23:49:34,BDNA_PUBLISH_TMP,TEMPORARY,9.95,8.13,9.95,81.65
2016-02-11 23:49:34,BDNA_TMP,TEMPORARY,8.37,8.37,8.37,100
2016-02-11 23:49:34,TEMP,TEMPORARY,.19,.19,.19,100
2016-02-11 23:50:03,BDNA,PERMANENT,35.05,26.79,8.27,76.42
2016-02-11 23:50:03,BDNA_PUBLISH,PERMANENT,27.38,25.65,1.73,93.69
2016-02-11 23:50:03,SYSAUX,PERMANENT,5.47,4.13,1.34,75.53
2016-02-11 23:50:03,SYSTEM,PERMANENT,.95,.85,.1,89.68
2016-02-11 23:50:03,UNDOTBS1,UNDO,6.1,.2,5.9,3.24
2016-02-11 23:50:03,USERS,PERMANENT,0,0,0,33.75
Current Time,Tablespace Name,Tablespace Type,Size,Used Space,Free Space,Used %
2016-02-11 23:51:03,BDNA_PUBLISH_TMP,TEMPORARY,9.95,8.13,8.69,81.65
2016-02-11 23:51:03,BDNA_TMP,TEMPORARY,8.37,8.37,8.37,100
2016-02-11 23:51:03,TEMP,TEMPORARY,.19,.19,.19,100
2016-02-11 23:51:27,BDNA,PERMANENT,35.05,26.79,8.27,76.42
2016-02-11 23:51:27,BDNA_PUBLISH,PERMANENT,27.38,25.59,1.79,93.47
2016-02-11 23:51:27,SYSAUX,PERMANENT,5.47,4.13,1.34,75.53
2016-02-11 23:51:27,SYSTEM,PERMANENT,.95,.85,.1,89.68
2016-02-11 23:51:27,UNDOTBS1,UNDO,6.1,.2,5.9,3.24
2016-02-11 23:51:27,USERS,PERMANENT,0,0,0,33.75
Current Time,Tablespace Name,Tablespace Type,Size,Used Space,Free Space,Used %
2016-02-11 23:52:26,BDNA_PUBLISH_TMP,TEMPORARY,9.95,8.13,9.95,81.65
2016-02-11 23:52:26,BDNA_TMP,TEMPORARY,8.37,8.37,8.37,100
2016-02-11 23:52:26,TEMP,TEMPORARY,.19,.19,.19,100
2016-02-11 23:52:47,BDNA,PERMANENT,35.05,26.79,8.27,76.42
2016-02-11 23:52:47,BDNA_PUBLISH,PERMANENT,27.38,25.65,1.73,93.69
2016-02-11 23:52:47,SYSAUX,PERMANENT,5.47,4.13,1.34,75.53
2016-02-11 23:52:47,SYSTEM,PERMANENT,.95,.85,.1,89.68
2016-02-11 23:52:47,UNDOTBS1,UNDO,6.1,.2,5.9,3.24
2016-02-11 23:52:47,USERS,PERMANENT,0,0,0,33.75
Current Time,Tablespace Name,Tablespace Type,Size,Used Space,Free Space,Used %
2016-02-11 23:53:46,BDNA_PUBLISH_TMP,TEMPORARY,9.95,8.13,9.95,81.65
2016-02-11 23:53:46,BDNA_TMP,TEMPORARY,8.37,8.37,8.37,100
2016-02-11 23:53:46,TEMP,TEMPORARY,.19,.19,.19,100
2016-02-11 23:54:09,BDNA,PERMANENT,35.05,26.79,8.27,76.42
2016-02-11 23:54:09,BDNA_PUBLISH,PERMANENT,27.38,25.65,1.73,93.69
2016-02-11 23:54:09,SYSAUX,PERMANENT,5.47,4.13,1.34,75.53
2016-02-11 23:54:09,SYSTEM,PERMANENT,.95,.85,.1,89.68
2016-02-11 23:54:09,UNDOTBS1,UNDO,6.1,.2,5.9,3.24
2016-02-11 23:54:09,USERS,PERMANENT,0,0,0,33.75
Current Time,Tablespace Name,Tablespace Type,Size,Used Space,Free Space,Used %
2016-02-11 23:55:08,BDNA_PUBLISH_TMP,TEMPORARY,9.95,8.13,9.95,81.65
2016-02-11 23:55:08,BDNA_TMP,TEMPORARY,8.37,8.37,8.37,100
2016-02-11 23:55:08,TEMP,TEMPORARY,.19,.19,.19,100
2016-02-11 23:55:30,BDNA,PERMANENT,35.05,26.79,8.27,76.42
2016-02-11 23:55:30,BDNA_PUBLISH,PERMANENT,27.38,25.65,1.73,93.69
2016-02-11 23:55:30,SYSAUX,PERMANENT,5.47,4.13,1.34,75.53
2016-02-11 23:55:30,SYSTEM,PERMANENT,.95,.85,.1,89.68
2016-02-11 23:55:30,UNDOTBS1,UNDO,6.1,.2,5.9,3.24
2016-02-11 23:55:30,USERS,PERMANENT,0,0,0,33.75
Current Time,Tablespace Name,Tablespace Type,Size,Used Space,Free Space,Used %
2016-02-11 23:56:30,BDNA_PUBLISH_TMP,TEMPORARY,9.95,8.13,9.95,81.65
2016-02-11 23:56:30,BDNA_TMP,TEMPORARY,8.37,8.37,8.37,100
2016-02-11 23:56:30,TEMP,TEMPORARY,.19,.19,.19,100
2016-02-11 23:56:51,BDNA,PERMANENT,35.05,26.79,8.27,76.42
2016-02-11 23:56:51,BDNA_PUBLISH,PERMANENT,27.38,25.65,1.73,93.69
2016-02-11 23:56:51,SYSAUX,PERMANENT,5.47,4.13,1.34,75.53
2016-02-11 23:56:51,SYSTEM,PERMANENT,.95,.85,.1,89.68
2016-02-11 23:56:51,UNDOTBS1,UNDO,6.1,.2,5.9,3.24
2016-02-11 23:56:51,USERS,PERMANENT,0,0,0,33.75
Current Time,Tablespace Name,Tablespace Type,Size,Used Space,Free Space,Used %
2016-02-11 23:57:51,BDNA_PUBLISH_TMP,TEMPORARY,9.95,8.13,9.95,81.65
2016-02-11 23:57:51,BDNA_TMP,TEMPORARY,8.37,8.37,8.37,100
2016-02-11 23:57:51,TEMP,TEMPORARY,.19,.19,.19,100
2016-02-11 23:58:12,BDNA,PERMANENT,35.05,26.79,8.27,76.42
2016-02-11 23:58:12,BDNA_PUBLISH,PERMANENT,27.38,25.65,1.73,93.69
2016-02-11 23:58:12,SYSAUX,PERMANENT,5.47,4.13,1.34,75.53
2016-02-11 23:58:12,SYSTEM,PERMANENT,.95,.85,.1,89.68
2016-02-11 23:58:12,UNDOTBS1,UNDO,6.1,.2,5.9,3.24
2016-02-11 23:58:12,USERS,PERMANENT,0,0,0,33.75
Current Time,Tablespace Name,Tablespace Type,Size,Used Space,Free Space,Used %
2016-02-11 23:59:11,BDNA_PUBLISH_TMP,TEMPORARY,9.95,8.13,9.95,81.65
2016-02-11 23:59:11,BDNA_TMP,TEMPORARY,8.37,8.37,8.37,100
2016-02-11 23:59:11,TEMP,TEMPORARY,.19,.19,.19,100
2016-02-11 23:59:33,BDNA,PERMANENT,35.05,26.79,8.27,76.42
2016-02-11 23:59:33,BDNA_PUBLISH,PERMANENT,27.38,25.65,1.73,93.69
2016-02-11 23:59:33,SYSAUX,PERMANENT,5.47,4.13,1.34,75.53
2016-02-11 23:59:33,SYSTEM,PERMANENT,.95,.85,.1,89.68
2016-02-11 23:59:33,UNDOTBS1,UNDO,6.1,.2,5.9,3.24
2016-02-11 23:59:33,USERS,PERMANENT,0,0,0,33.75
Current Time,Tablespace Name,Tablespace Type,Size,Used Space,Free Space,Used %
2016-02-12 00:00:32,BDNA_PUBLISH_TMP,TEMPORARY,9.95,8.13,9.95,81.65
2016-02-12 00:00:32,BDNA_TMP,TEMPORARY,8.37,8.37,8.37,100
2016-02-12 00:00:32,TEMP,TEMPORARY,.19,.19,.19,100
2016-02-12 00:00:54,BDNA,PERMANENT,35.05,26.79,8.27,76.42
2016-02-12 00:00:54,BDNA_PUBLISH,PERMANENT,27.38,25.65,1.73,93.69
2016-02-12 00:00:54,SYSAUX,PERMANENT,5.47,4.13,1.34,75.56
2016-02-12 00:00:54,SYSTEM,PERMANENT,.95,.85,.1,89.68
2016-02-12 00:00:54,UNDOTBS1,UNDO,6.1,.2,5.9,3.27
2016-02-12 00:00:54,USERS,PERMANENT,0,0,0,33.75
Current Time,Tablespace Name,Tablespace Type,Size,Used Space,Free Space,Used %
2016-02-12 00:01:54,BDNA_PUBLISH_TMP,TEMPORARY,9.95,8.13,9.95,81.65
2016-02-12 00:01:54,BDNA_TMP,TEMPORARY,8.37,8.37,8.37,100
2016-02-12 00:01:54,TEMP,TEMPORARY,.19,.19,.19,100
2016-02-12 00:02:16,BDNA,PERMANENT,35.05,26.79,8.27,76.42
2016-02-12 00:02:16,BDNA_PUBLISH,PERMANENT,27.38,25.65,1.73,93.69
2016-02-12 00:02:16,SYSAUX,PERMANENT,5.47,4.13,1.34,75.56
2016-02-12 00:02:16,SYSTEM,PERMANENT,.95,.85,.1,89.68
2016-02-12 00:02:16,UNDOTBS1,UNDO,6.1,.2,5.9,3.27
2016-02-12 00:02:16,USERS,PERMANENT,0,0,0,33.75
Current Time,Tablespace Name,Tablespace Type,Size,Used Space,Free Space,Used %
2016-02-12 00:03:16,BDNA_PUBLISH_TMP,TEMPORARY,9.95,8.13,9.95,81.65
2016-02-12 00:03:16,BDNA_TMP,TEMPORARY,8.37,8.37,8.37,100
2016-02-12 00:03:16,TEMP,TEMPORARY,.19,.19,.19,100
2016-02-12 00:03:37,BDNA,PERMANENT,35.05,26.79,8.27,76.42
2016-02-12 00:03:37,BDNA_PUBLISH,PERMANENT,27.38,25.65,1.73,93.69
2016-02-12 00:03:37,SYSAUX,PERMANENT,5.47,4.13,1.34,75.56
2016-02-12 00:03:37,SYSTEM,PERMANENT,.95,.85,.1,89.68
2016-02-12 00:03:37,UNDOTBS1,UNDO,6.1,.2,5.9,3.27
2016-02-12 00:03:37,USERS,PERMANENT,0,0,0,33.75
Current Time,Tablespace Name,Tablespace Type,Size,Used Space,Free Space,Used %
2016-02-12 00:04:37,BDNA_PUBLISH_TMP,TEMPORARY,9.95,8.13,9.95,81.65
2016-02-12 00:04:37,BDNA_TMP,TEMPORARY,8.37,8.37,8.37,100
2016-02-12 00:04:37,TEMP,TEMPORARY,.19,.19,.19,100
2016-02-12 00:04:59,BDNA,PERMANENT,35.05,26.79,8.27,76.42
2016-02-12 00:04:59,BDNA_PUBLISH,PERMANENT,27.38,25.65,1.73,93.69
2016-02-12 00:04:59,SYSAUX,PERMANENT,5.47,4.13,1.34,75.56
2016-02-12 00:04:59,SYSTEM,PERMANENT,.95,.85,.1,89.68
2016-02-12 00:04:59,UNDOTBS1,UNDO,6.1,.2,5.9,3.27
2016-02-12 00:04:59,USERS,PERMANENT,0,0,0,33.75
Current Time,Tablespace Name,Tablespace Type,Size,Used Space,Free Space,Used %
2016-02-12 00:05:58,BDNA_PUBLISH_TMP,TEMPORARY,9.95,8.13,9.95,81.65
2016-02-12 00:05:58,BDNA_TMP,TEMPORARY,8.37,8.37,8.37,100
2016-02-12 00:05:58,TEMP,TEMPORARY,.19,.19,.19,100
2016-02-12 00:06:22,BDNA,PERMANENT,35.05,26.79,8.27,76.42
2016-02-12 00:06:22,BDNA_PUBLISH,PERMANENT,27.38,25.65,1.73,93.69
2016-02-12 00:06:22,SYSAUX,PERMANENT,5.47,4.13,1.34,75.56
2016-02-12 00:06:22,SYSTEM,PERMANENT,.95,.85,.1,89.68
2016-02-12 00:06:22,UNDOTBS1,UNDO,6.1,.2,5.9,3.27
2016-02-12 00:06:22,USERS,PERMANENT,0,0,0,33.75
Current Time,Tablespace Name,Tablespace Type,Size,Used Space,Free Space,Used %
2016-02-12 00:07:21,BDNA_PUBLISH_TMP,TEMPORARY,9.95,8.13,9.95,81.65
2016-02-12 00:07:21,BDNA_TMP,TEMPORARY,8.37,8.37,8.37,100
2016-02-12 00:07:21,TEMP,TEMPORARY,.19,.19,.19,100
2016-02-12 00:07:46,BDNA,PERMANENT,35.05,26.79,8.27,76.42
2016-02-12 00:07:46,BDNA_PUBLISH,PERMANENT,27.38,25.65,1.73,93.69
2016-02-12 00:07:46,SYSAUX,PERMANENT,5.47,4.13,1.34,75.56
2016-02-12 00:07:46,SYSTEM,PERMANENT,.95,.85,.1,89.68
2016-02-12 00:07:46,UNDOTBS1,UNDO,6.1,.2,5.9,3.27
2016-02-12 00:07:46,USERS,PERMANENT,0,0,0,33.75
Current Time,Tablespace Name,Tablespace Type,Size,Used Space,Free Space,Used %
2016-02-12 10:04:58,BDNA_PUBLISH_TMP,TEMPORARY,1.03,1.01,1.02,98.38
2016-02-12 10:04:58,BDNA_TMP,TEMPORARY,3.43,3.42,3.42,99.57
2016-02-12 10:04:58,TEMP,TEMPORARY,.19,.19,.19,100
2016-02-12 10:05:11,BDNA,PERMANENT,8,6,2,75.02
2016-02-12 10:05:11,BDNA_PUBLISH,PERMANENT,11.61,9.78,1.83,84.2
2016-02-12 10:05:11,SYSAUX,PERMANENT,5.47,4.03,1.43,73.78
2016-02-12 10:05:11,SYSTEM,PERMANENT,.95,.85,.1,89.69
2016-02-12 10:05:11,UNDOTBS1,UNDO,6.1,3.16,2.94,51.87
2016-02-12 10:05:11,USERS,PERMANENT,0,0,0,33.75
Current Time,Tablespace Name,Tablespace Type,Size,Used Space,Free Space,Used %
2016-02-12 10:06:11,BDNA_PUBLISH_TMP,TEMPORARY,1.03,1.01,1.02,98.38
2016-02-12 10:06:11,BDNA_TMP,TEMPORARY,3.43,3.42,3.42,99.57
2016-02-12 10:06:11,TEMP,TEMPORARY,.19,.19,.19,100
2016-02-12 10:06:32,BDNA,PERMANENT,8,6.18,1.82,77.24
2016-02-12 10:06:32,BDNA_PUBLISH,PERMANENT,11.61,9.78,1.83,84.2
2016-02-12 10:06:32,SYSAUX,PERMANENT,5.47,4.03,1.43,73.78
2016-02-12 10:06:32,SYSTEM,PERMANENT,.95,.85,.1,89.69
2016-02-12 10:06:32,UNDOTBS1,UNDO,6.1,3.16,2.94,51.87
2016-02-12 10:06:32,USERS,PERMANENT,0,0,0,33.75
Current Time,Tablespace Name,Tablespace Type,Size,Used Space,Free Space,Used %
2016-02-12 10:07:32,BDNA_PUBLISH_TMP,TEMPORARY,1.03,1.01,1.02,98.38
2016-02-12 10:07:32,BDNA_TMP,TEMPORARY,3.43,3.42,3.42,99.57
2016-02-12 10:07:32,TEMP,TEMPORARY,.19,.19,.19,100
2016-02-12 10:07:50,BDNA,PERMANENT,8,6.26,1.74,78.22
2016-02-12 10:07:50,BDNA_PUBLISH,PERMANENT,11.61,9.78,1.83,84.2
2016-02-12 10:07:50,SYSAUX,PERMANENT,5.47,4.03,1.43,73.78
2016-02-12 10:07:50,SYSTEM,PERMANENT,.95,.85,.1,89.69
2016-02-12 10:07:50,UNDOTBS1,UNDO,6.1,2.84,3.26,46.51
2016-02-12 10:07:50,USERS,PERMANENT,0,0,0,33.75
Current Time,Tablespace Name,Tablespace Type,Size,Used Space,Free Space,Used %
2016-02-12 10:08:50,BDNA_PUBLISH_TMP,TEMPORARY,1.03,1.01,1.02,98.38
2016-02-12 10:08:50,BDNA_TMP,TEMPORARY,3.43,3.42,3.42,99.57
2016-02-12 10:08:50,TEMP,TEMPORARY,.19,.19,.19,100
2016-02-12 10:09:04,BDNA,PERMANENT,8,6.26,1.74,78.22
2016-02-12 10:09:04,BDNA_PUBLISH,PERMANENT,11.61,10.33,1.28,88.95
2016-02-12 10:09:04,SYSAUX,PERMANENT,5.47,4.07,1.39,74.49
2016-02-12 10:09:04,SYSTEM,PERMANENT,.95,.85,.1,89.69
2016-02-12 10:09:04,UNDOTBS1,UNDO,6.1,2.84,3.26,46.51
2016-02-12 10:09:04,USERS,PERMANENT,0,0,0,33.75
Current Time,Tablespace Name,Tablespace Type,Size,Used Space,Free Space,Used %
2016-02-12 10:10:04,BDNA_PUBLISH_TMP,TEMPORARY,1.03,1.01,1.02,98.38
2016-02-12 10:10:04,BDNA_TMP,TEMPORARY,3.43,3.42,3.42,99.57
2016-02-12 10:10:04,TEMP,TEMPORARY,.19,.19,.19,100
2016-02-12 10:10:22,BDNA,PERMANENT,8,6.26,1.74,78.25
2016-02-12 10:10:22,BDNA_PUBLISH,PERMANENT,11.61,10.48,1.13,90.28
2016-02-12 10:10:22,SYSAUX,PERMANENT,5.47,4.15,1.32,75.88
2016-02-12 10:10:22,SYSTEM,PERMANENT,.95,.85,.1,89.69
2016-02-12 10:10:22,UNDOTBS1,UNDO,6.1,2.84,3.26,46.51
2016-02-12 10:10:22,USERS,PERMANENT,0,0,0,33.75
Current Time,Tablespace Name,Tablespace Type,Size,Used Space,Free Space,Used %
2016-02-12 10:11:22,BDNA_PUBLISH_TMP,TEMPORARY,1.03,1.01,1.02,98.38
2016-02-12 10:11:22,BDNA_TMP,TEMPORARY,3.43,3.42,3.42,99.57
2016-02-12 10:11:22,TEMP,TEMPORARY,.19,.19,.19,100
2016-02-12 10:11:38,BDNA,PERMANENT,8,6.26,1.74,78.25
2016-02-12 10:11:38,BDNA_PUBLISH,PERMANENT,11.61,11.22,.4,96.59
2016-02-12 10:11:38,SYSAUX,PERMANENT,5.47,4.15,1.32,75.88
2016-02-12 10:11:38,SYSTEM,PERMANENT,.95,.85,.1,89.69
2016-02-12 10:11:38,UNDOTBS1,UNDO,6.1,2.84,3.26,46.51
2016-02-12 10:11:38,USERS,PERMANENT,0,0,0,33.75
Current Time,Tablespace Name,Tablespace Type,Size,Used Space,Free Space,Used %
2016-02-12 10:12:38,BDNA_PUBLISH_TMP,TEMPORARY,1.03,1.01,1.02,98.38
2016-02-12 10:12:38,BDNA_TMP,TEMPORARY,3.43,3.42,3.42,99.57
2016-02-12 10:12:38,TEMP,TEMPORARY,.19,.19,.19,100
2016-02-12 10:12:53,BDNA,PERMANENT,8,6.26,1.74,78.25
2016-02-12 10:12:53,BDNA_PUBLISH,PERMANENT,11.61,11.39,.22,98.11
2016-02-12 10:12:53,SYSAUX,PERMANENT,5.47,4.15,1.32,75.88
2016-02-12 10:12:53,SYSTEM,PERMANENT,.95,.85,.1,89.69
2016-02-12 10:12:53,UNDOTBS1,UNDO,6.1,2.11,3.99,34.54
2016-02-12 10:12:53,USERS,PERMANENT,0,0,0,33.75
Current Time,Tablespace Name,Tablespace Type,Size,Used Space,Free Space,Used %
2016-02-12 10:13:53,BDNA_PUBLISH_TMP,TEMPORARY,1.03,1.01,1.02,98.38
2016-02-12 10:13:53,BDNA_TMP,TEMPORARY,3.43,3.42,3.42,99.57
2016-02-12 10:13:53,TEMP,TEMPORARY,.19,.19,.19,100
2016-02-12 10:14:12,BDNA,PERMANENT,8,6.26,1.74,78.25
2016-02-12 10:14:12,BDNA_PUBLISH,PERMANENT,11.61,10.52,1.1,90.55
2016-02-12 10:14:12,SYSAUX,PERMANENT,5.47,4.15,1.32,75.88
2016-02-12 10:14:12,SYSTEM,PERMANENT,.95,.85,.1,89.69
2016-02-12 10:14:12,UNDOTBS1,UNDO,6.1,2.11,3.99,34.54
2016-02-12 10:14:12,USERS,PERMANENT,0,0,0,33.75
Current Time,Tablespace Name,Tablespace Type,Size,Used Space,Free Space,Used %
2016-02-12 10:15:12,BDNA_PUBLISH_TMP,TEMPORARY,1.03,1.01,1.02,98.38
2016-02-12 10:15:12,BDNA_TMP,TEMPORARY,3.43,3.42,3.42,99.57
2016-02-12 10:15:12,TEMP,TEMPORARY,.19,.19,.19,100
2016-02-12 10:15:29,BDNA,PERMANENT,8,6.26,1.74,78.25
2016-02-12 10:15:29,BDNA_PUBLISH,PERMANENT,11.61,10.52,1.1,90.55
2016-02-12 10:15:29,SYSAUX,PERMANENT,5.47,4.15,1.32,75.88
2016-02-12 10:15:29,SYSTEM,PERMANENT,.95,.85,.1,89.69
2016-02-12 10:15:29,UNDOTBS1,UNDO,6.1,2.11,3.99,34.54
2016-02-12 10:15:29,USERS,PERMANENT,0,0,0,33.75
Current Time,Tablespace Name,Tablespace Type,Size,Used Space,Free Space,Used %
2016-02-12 10:16:30,BDNA_PUBLISH_TMP,TEMPORARY,1.03,1.01,1.02,98.38
2016-02-12 10:16:30,BDNA_TMP,TEMPORARY,3.43,3.42,3.42,99.57
2016-02-12 10:16:30,TEMP,TEMPORARY,.19,.19,.19,100
2016-02-12 10:16:45,BDNA,PERMANENT,8,6.26,1.74,78.25
2016-02-12 10:16:45,BDNA_PUBLISH,PERMANENT,11.61,10.52,1.1,90.55
2016-02-12 10:16:45,SYSAUX,PERMANENT,5.47,4.15,1.32,75.88
2016-02-12 10:16:45,SYSTEM,PERMANENT,.95,.85,.1,89.69
2016-02-12 10:16:45,UNDOTBS1,UNDO,6.1,2.11,3.99,34.54
2016-02-12 10:16:45,USERS,PERMANENT,0,0,0,33.75
Current Time,Tablespace Name,Tablespace Type,Size,Used Space,Free Space,Used %
2016-02-12 10:17:47,BDNA_PUBLISH_TMP,TEMPORARY,1.03,1.01,.9,98.38
2016-02-12 10:17:47,BDNA_TMP,TEMPORARY,3.43,3.42,3.42,99.57
2016-02-12 10:17:47,TEMP,TEMPORARY,.19,.19,.19,100
2016-02-12 10:18:11,BDNA,PERMANENT,8,6.26,1.74,78.25
2016-02-12 10:18:11,BDNA_PUBLISH,PERMANENT,11.61,10.52,1.09,90.58
2016-02-12 10:18:11,SYSAUX,PERMANENT,5.47,4.15,1.32,75.88
2016-02-12 10:18:11,SYSTEM,PERMANENT,.95,.85,.1,89.69
2016-02-12 10:18:11,UNDOTBS1,UNDO,6.1,1.74,4.36,28.46
2016-02-12 10:18:11,USERS,PERMANENT,0,0,0,33.75
Current Time,Tablespace Name,Tablespace Type,Size,Used Space,Free Space,Used %
2016-02-12 10:19:12,BDNA_PUBLISH_TMP,TEMPORARY,1.03,1.01,1.02,98.38
2016-02-12 10:19:12,BDNA_TMP,TEMPORARY,3.43,3.42,3.42,99.57
2016-02-12 10:19:12,TEMP,TEMPORARY,.19,.19,.19,100
2016-02-12 10:19:29,BDNA,PERMANENT,8,6.26,1.74,78.25
2016-02-12 10:19:29,BDNA_PUBLISH,PERMANENT,11.61,10.52,1.09,90.58
2016-02-12 10:19:29,SYSAUX,PERMANENT,5.47,4.15,1.32,75.88
2016-02-12 10:19:29,SYSTEM,PERMANENT,.95,.85,.1,89.69
2016-02-12 10:19:29,UNDOTBS1,UNDO,6.1,1.74,4.36,28.46
2016-02-12 10:19:29,USERS,PERMANENT,0,0,0,33.75
Current Time,Tablespace Name,Tablespace Type,Size,Used Space,Free Space,Used %
2016-02-12 10:20:28,BDNA_PUBLISH_TMP,TEMPORARY,1.03,1.01,1.02,98.38
2016-02-12 10:20:28,BDNA_TMP,TEMPORARY,3.43,3.42,3.43,99.57
2016-02-12 10:20:28,TEMP,TEMPORARY,.19,.19,.19,100
2016-02-12 10:20:45,BDNA,PERMANENT,8,6.26,1.74,78.25
2016-02-12 10:20:45,BDNA_PUBLISH,PERMANENT,11.61,10.52,1.09,90.58
2016-02-12 10:20:45,SYSAUX,PERMANENT,5.47,4.15,1.32,75.88
2016-02-12 10:20:45,SYSTEM,PERMANENT,.95,.85,.1,89.69
2016-02-12 10:20:45,UNDOTBS1,UNDO,6.1,1.74,4.36,28.46
2016-02-12 10:20:45,USERS,PERMANENT,0,0,0,33.75
Current Time,Tablespace Name,Tablespace Type,Size,Used Space,Free Space,Used %
2016-02-12 10:21:44,BDNA_PUBLISH_TMP,TEMPORARY,1.03,1.01,1.02,98.38
2016-02-12 10:21:44,BDNA_TMP,TEMPORARY,3.43,3.42,3.43,99.57
2016-02-12 10:21:44,TEMP,TEMPORARY,.19,.19,.19,100
2016-02-12 10:22:02,BDNA,PERMANENT,8,6.26,1.74,78.25
2016-02-12 10:22:02,BDNA_PUBLISH,PERMANENT,11.61,10.52,1.09,90.58
2016-02-12 10:22:02,SYSAUX,PERMANENT,5.47,4.15,1.32,75.88
2016-02-12 10:22:02,SYSTEM,PERMANENT,.95,.85,.1,89.69
2016-02-12 10:22:02,UNDOTBS1,UNDO,6.1,1.74,4.36,28.46
2016-02-12 10:22:02,USERS,PERMANENT,0,0,0,33.75
Current Time,Tablespace Name,Tablespace Type,Size,Used Space,Free Space,Used %
2016-02-12 10:23:01,BDNA_PUBLISH_TMP,TEMPORARY,1.03,1.01,1.02,98.38
2016-02-12 10:23:01,BDNA_TMP,TEMPORARY,3.43,3.42,3.43,99.57
2016-02-12 10:23:01,TEMP,TEMPORARY,.19,.19,.19,100
2016-02-12 10:23:18,BDNA,PERMANENT,8,6.26,1.74,78.25
2016-02-12 10:23:18,BDNA_PUBLISH,PERMANENT,11.61,10.52,1.09,90.58
2016-02-12 10:23:18,SYSAUX,PERMANENT,5.47,4.15,1.32,75.88
2016-02-12 10:23:18,SYSTEM,PERMANENT,.95,.85,.1,89.69
2016-02-12 10:23:18,UNDOTBS1,UNDO,6.1,1.74,4.36,28.46
2016-02-12 10:23:18,USERS,PERMANENT,0,0,0,33.75
Current Time,Tablespace Name,Tablespace Type,Size,Used Space,Free Space,Used %
2016-02-12 10:24:17,BDNA_PUBLISH_TMP,TEMPORARY,1.03,1.01,1.02,98.38
2016-02-12 10:24:17,BDNA_TMP,TEMPORARY,3.43,3.42,3.43,99.57
2016-02-12 10:24:17,TEMP,TEMPORARY,.19,.19,.19,100
2016-02-12 10:24:34,BDNA,PERMANENT,8,6.26,1.74,78.25
2016-02-12 10:24:34,BDNA_PUBLISH,PERMANENT,11.61,10.52,1.09,90.58
2016-02-12 10:24:34,SYSAUX,PERMANENT,5.47,4.15,1.32,75.88
2016-02-12 10:24:34,SYSTEM,PERMANENT,.95,.85,.1,89.69
2016-02-12 10:24:34,UNDOTBS1,UNDO,6.1,1.74,4.36,28.46
2016-02-12 10:24:34,USERS,PERMANENT,0,0,0,33.75
Current Time,Tablespace Name,Tablespace Type,Size,Used Space,Free Space,Used %
2016-02-12 10:25:33,BDNA_PUBLISH_TMP,TEMPORARY,1.03,1.01,1.02,98.38
2016-02-12 10:25:33,BDNA_TMP,TEMPORARY,3.43,3.42,3.43,99.57
2016-02-12 10:25:33,TEMP,TEMPORARY,.19,.19,.19,100
2016-02-12 10:25:51,BDNA,PERMANENT,8,6.26,1.74,78.25
2016-02-12 10:25:51,BDNA_PUBLISH,PERMANENT,11.61,10.52,1.09,90.58
2016-02-12 10:25:51,SYSAUX,PERMANENT,5.47,4.15,1.32,75.88
2016-02-12 10:25:51,SYSTEM,PERMANENT,.95,.85,.1,89.69
2016-02-12 10:25:51,UNDOTBS1,UNDO,6.1,1.74,4.36,28.46
2016-02-12 10:25:51,USERS,PERMANENT,0,0,0,33.75
